[0.094s] DEBUG:colcon:Command line arguments: ['/usr/bin/colcon', 'build']
[0.094s] DEBUG:colcon:Parsed command line arguments: Namespace(log_base=None, log_level=None, verb_name='build', build_base='build', install_base='install', merge_install=False, symlink_install=False, test_result_base=None, continue_on_error=False, executor='parallel', parallel_workers=8, event_handlers=None, ignore_user_meta=False, metas=['./colcon.meta'], base_paths=['.'], packages_ignore=None, packages_ignore_regex=None, paths=None, packages_up_to=None, packages_up_to_regex=None, packages_above=None, packages_above_and_dependencies=None, packages_above_depth=None, packages_select_by_dep=None, packages_skip_by_dep=None, packages_skip_up_to=None, packages_select_build_failed=False, packages_skip_build_finished=False, packages_select_test_failures=False, packages_skip_test_passed=False, packages_select=None, packages_skip=None, packages_select_regex=None, packages_skip_regex=None, packages_start=None, packages_end=None, allow_overriding=[], cmake_args=None, cmake_target=None, cmake_target_skip_unavailable=False, cmake_clean_cache=False, cmake_clean_first=False, cmake_force_configure=False, ament_cmake_args=None, catkin_cmake_args=None, catkin_skip_building_tests=False, verb_parser=<colcon_defaults.argument_parser.defaults.DefaultArgumentsDecorator object at 0x788c37d54c70>, verb_extension=<colcon_core.verb.build.BuildVerb object at 0x788c37d54820>, main=<bound method BuildVerb.main of <colcon_core.verb.build.BuildVerb object at 0x788c37d54820>>)
[0.262s] Level 1:colcon.colcon_core.package_discovery:discover_packages(colcon_meta) check parameters
[0.262s] Level 1:colcon.colcon_core.package_discovery:discover_packages(recursive) check parameters
[0.262s] Level 1:colcon.colcon_core.package_discovery:discover_packages(ignore) check parameters
[0.262s] Level 1:colcon.colcon_core.package_discovery:discover_packages(path) check parameters
[0.262s] Level 1:colcon.colcon_core.package_discovery:discover_packages(colcon_meta) discover
[0.262s] Level 1:colcon.colcon_core.package_discovery:discover_packages(recursive) discover
[0.262s] INFO:colcon.colcon_core.package_discovery:Crawling recursively for packages in '/home/dheeraj/ros2_ws/src/my_beginner_tutorials'
[0.262s] Level 1:colcon.colcon_core.package_identification:_identify(.) by extensions ['ignore', 'ignore_ament_install']
[0.262s] Level 1:colcon.colcon_core.package_identification:_identify(.) by extension 'ignore'
[0.262s] Level 1:colcon.colcon_core.package_identification:_identify(.) by extension 'ignore_ament_install'
[0.263s] Level 1:colcon.colcon_core.package_identification:_identify(.) by extensions ['colcon_pkg']
[0.263s] Level 1:colcon.colcon_core.package_identification:_identify(.) by extension 'colcon_pkg'
[0.263s] Level 1:colcon.colcon_core.package_identification:_identify(.) by extensions ['colcon_meta']
[0.263s] Level 1:colcon.colcon_core.package_identification:_identify(.) by extension 'colcon_meta'
[0.263s] Level 1:colcon.colcon_core.package_identification:_identify(.) by extensions ['ros']
[0.263s] Level 1:colcon.colcon_core.package_identification:_identify(.) by extension 'ros'
[0.277s] DEBUG:colcon.colcon_core.package_identification:Package '.' with type 'ros.ament_cmake' and name 'my_beginner_tutorials'
[0.277s] Level 1:colcon.colcon_core.package_discovery:discover_packages(recursive) using defaults
[0.277s] Level 1:colcon.colcon_core.package_discovery:discover_packages(ignore) discover
[0.277s] Level 1:colcon.colcon_core.package_discovery:discover_packages(ignore) using defaults
[0.277s] Level 1:colcon.colcon_core.package_discovery:discover_packages(path) discover
[0.277s] Level 1:colcon.colcon_core.package_discovery:discover_packages(path) using defaults
[0.295s] Level 1:colcon.colcon_core.package_discovery:discover_packages(prefix_path) check parameters
[0.295s] Level 1:colcon.colcon_core.package_discovery:discover_packages(prefix_path) discover
[0.299s] DEBUG:colcon.colcon_installed_package_information.package_discovery:Found 424 installed packages in /opt/ros/humble
[0.312s] Level 1:colcon.colcon_core.package_discovery:discover_packages(prefix_path) using defaults
[0.367s] Level 5:colcon.colcon_core.verb:set package 'my_beginner_tutorials' build argument 'cmake_args' from command line to 'None'
[0.367s] Level 5:colcon.colcon_core.verb:set package 'my_beginner_tutorials' build argument 'cmake_target' from command line to 'None'
[0.367s] Level 5:colcon.colcon_core.verb:set package 'my_beginner_tutorials' build argument 'cmake_target_skip_unavailable' from command line to 'False'
[0.367s] Level 5:colcon.colcon_core.verb:set package 'my_beginner_tutorials' build argument 'cmake_clean_cache' from command line to 'False'
[0.367s] Level 5:colcon.colcon_core.verb:set package 'my_beginner_tutorials' build argument 'cmake_clean_first' from command line to 'False'
[0.367s] Level 5:colcon.colcon_core.verb:set package 'my_beginner_tutorials' build argument 'cmake_force_configure' from command line to 'False'
[0.367s] Level 5:colcon.colcon_core.verb:set package 'my_beginner_tutorials' build argument 'ament_cmake_args' from command line to 'None'
[0.367s] Level 5:colcon.colcon_core.verb:set package 'my_beginner_tutorials' build argument 'catkin_cmake_args' from command line to 'None'
[0.367s] Level 5:colcon.colcon_core.verb:set package 'my_beginner_tutorials' build argument 'catkin_skip_building_tests' from command line to 'False'
[0.367s] DEBUG:colcon.colcon_core.verb:Building package 'my_beginner_tutorials' with the following arguments: {'ament_cmake_args': None, 'build_base': '/home/dheeraj/ros2_ws/src/my_beginner_tutorials/build/my_beginner_tutorials', 'catkin_cmake_args': None, 'catkin_skip_building_tests': False, 'cmake_args': None, 'cmake_clean_cache': False, 'cmake_clean_first': False, 'cmake_force_configure': False, 'cmake_target': None, 'cmake_target_skip_unavailable': False, 'install_base': '/home/dheeraj/ros2_ws/src/my_beginner_tutorials/install/my_beginner_tutorials', 'merge_install': False, 'path': '/home/dheeraj/ros2_ws/src/my_beginner_tutorials', 'symlink_install': False, 'test_result_base': None}
[0.367s] INFO:colcon.colcon_core.executor:Executing jobs using 'parallel' executor
[0.368s] DEBUG:colcon.colcon_parallel_executor.executor.parallel:run_until_complete
[0.369s] INFO:colcon.colcon_ros.task.ament_cmake.build:Building ROS package in '/home/dheeraj/ros2_ws/src/my_beginner_tutorials' with build type 'ament_cmake'
[0.369s] INFO:colcon.colcon_cmake.task.cmake.build:Building CMake package in '/home/dheeraj/ros2_ws/src/my_beginner_tutorials'
[0.371s] INFO:colcon.colcon_core.plugin_system:Skipping extension 'colcon_core.shell.bat': Not used on non-Windows systems
[0.371s] INFO:colcon.colcon_core.shell:Skip shell extension 'powershell' for command environment: Not usable outside of PowerShell
[0.371s] DEBUG:colcon.colcon_core.shell:Skip shell extension 'dsv' for command environment
[0.382s] DEBUG:colcon.colcon_core.event_handler.log_command:Invoking command in '/home/dheeraj/ros2_ws/src/my_beginner_tutorials/build/my_beginner_tutorials': CMAKE_PREFIX_PATH=/opt/ros/humble /usr/bin/cmake /home/dheeraj/ros2_ws/src/my_beginner_tutorials -DCMAKE_INSTALL_PREFIX=/home/dheeraj/ros2_ws/src/my_beginner_tutorials/install/my_beginner_tutorials
[2.100s] DEBUG:colcon.colcon_core.event_handler.log_command:Invoked command in '/home/dheeraj/ros2_ws/src/my_beginner_tutorials/build/my_beginner_tutorials' returned '0': CMAKE_PREFIX_PATH=/opt/ros/humble /usr/bin/cmake /home/dheeraj/ros2_ws/src/my_beginner_tutorials -DCMAKE_INSTALL_PREFIX=/home/dheeraj/ros2_ws/src/my_beginner_tutorials/install/my_beginner_tutorials
[2.103s] DEBUG:colcon.colcon_core.event_handler.log_command:Invoking command in '/home/dheeraj/ros2_ws/src/my_beginner_tutorials/build/my_beginner_tutorials': CMAKE_PREFIX_PATH=/opt/ros/humble /usr/bin/cmake --build /home/dheeraj/ros2_ws/src/my_beginner_tutorials/build/my_beginner_tutorials -- -j8 -l8
[2.947s] DEBUG:colcon.colcon_core.event_handler.log_command:Invoked command in '/home/dheeraj/ros2_ws/src/my_beginner_tutorials/build/my_beginner_tutorials' returned '2': CMAKE_PREFIX_PATH=/opt/ros/humble /usr/bin/cmake --build /home/dheeraj/ros2_ws/src/my_beginner_tutorials/build/my_beginner_tutorials -- -j8 -l8
[2.948s] Level 1:colcon.colcon_core.environment:create_environment_scripts_only(my_beginner_tutorials)
[2.950s] Level 1:colcon.colcon_core.environment:checking '/home/dheeraj/ros2_ws/src/my_beginner_tutorials/install/my_beginner_tutorials' for CMake module files
[2.951s] Level 1:colcon.colcon_core.environment:checking '/home/dheeraj/ros2_ws/src/my_beginner_tutorials/install/my_beginner_tutorials' for CMake config files
[2.952s] Level 1:colcon.colcon_core.shell:create_environment_hook('my_beginner_tutorials', 'cmake_prefix_path')
[2.952s] INFO:colcon.colcon_core.shell:Creating environment hook '/home/dheeraj/ros2_ws/src/my_beginner_tutorials/install/my_beginner_tutorials/share/my_beginner_tutorials/hook/cmake_prefix_path.ps1'
[2.953s] INFO:colcon.colcon_core.shell:Creating environment descriptor '/home/dheeraj/ros2_ws/src/my_beginner_tutorials/install/my_beginner_tutorials/share/my_beginner_tutorials/hook/cmake_prefix_path.dsv'
[2.953s] INFO:colcon.colcon_core.shell:Creating environment hook '/home/dheeraj/ros2_ws/src/my_beginner_tutorials/install/my_beginner_tutorials/share/my_beginner_tutorials/hook/cmake_prefix_path.sh'
[2.954s] Level 1:colcon.colcon_core.environment:checking '/home/dheeraj/ros2_ws/src/my_beginner_tutorials/install/my_beginner_tutorials/lib'
[2.954s] Level 1:colcon.colcon_core.shell:create_environment_hook('my_beginner_tutorials', 'ld_library_path_lib')
[2.954s] INFO:colcon.colcon_core.shell:Creating environment hook '/home/dheeraj/ros2_ws/src/my_beginner_tutorials/install/my_beginner_tutorials/share/my_beginner_tutorials/hook/ld_library_path_lib.ps1'
[2.954s] INFO:colcon.colcon_core.shell:Creating environment descriptor '/home/dheeraj/ros2_ws/src/my_beginner_tutorials/install/my_beginner_tutorials/share/my_beginner_tutorials/hook/ld_library_path_lib.dsv'
[2.955s] INFO:colcon.colcon_core.shell:Creating environment hook '/home/dheeraj/ros2_ws/src/my_beginner_tutorials/install/my_beginner_tutorials/share/my_beginner_tutorials/hook/ld_library_path_lib.sh'
[2.955s] Level 1:colcon.colcon_core.environment:checking '/home/dheeraj/ros2_ws/src/my_beginner_tutorials/install/my_beginner_tutorials/bin'
[2.955s] Level 1:colcon.colcon_core.environment:checking '/home/dheeraj/ros2_ws/src/my_beginner_tutorials/install/my_beginner_tutorials/lib/pkgconfig/my_beginner_tutorials.pc'
[2.955s] Level 1:colcon.colcon_core.environment:checking '/home/dheeraj/ros2_ws/src/my_beginner_tutorials/install/my_beginner_tutorials/lib/python3.10/site-packages'
[2.955s] Level 1:colcon.colcon_core.environment:checking '/home/dheeraj/ros2_ws/src/my_beginner_tutorials/install/my_beginner_tutorials/bin'
[2.956s] INFO:colcon.colcon_core.shell:Creating package script '/home/dheeraj/ros2_ws/src/my_beginner_tutorials/install/my_beginner_tutorials/share/my_beginner_tutorials/package.ps1'
[2.957s] INFO:colcon.colcon_core.shell:Creating package descriptor '/home/dheeraj/ros2_ws/src/my_beginner_tutorials/install/my_beginner_tutorials/share/my_beginner_tutorials/package.dsv'
[2.957s] INFO:colcon.colcon_core.shell:Creating package script '/home/dheeraj/ros2_ws/src/my_beginner_tutorials/install/my_beginner_tutorials/share/my_beginner_tutorials/package.sh'
[2.958s] INFO:colcon.colcon_core.shell:Creating package script '/home/dheeraj/ros2_ws/src/my_beginner_tutorials/install/my_beginner_tutorials/share/my_beginner_tutorials/package.bash'
[2.959s] INFO:colcon.colcon_core.shell:Creating package script '/home/dheeraj/ros2_ws/src/my_beginner_tutorials/install/my_beginner_tutorials/share/my_beginner_tutorials/package.zsh'
[2.959s] Level 1:colcon.colcon_core.environment:create_file_with_runtime_dependencies(/home/dheeraj/ros2_ws/src/my_beginner_tutorials/install/my_beginner_tutorials/share/colcon-core/packages/my_beginner_tutorials)
[2.970s] DEBUG:colcon.colcon_parallel_executor.executor.parallel:closing loop
[2.970s] DEBUG:colcon.colcon_parallel_executor.executor.parallel:loop closed
[2.970s] DEBUG:colcon.colcon_parallel_executor.executor.parallel:run_until_complete finished with '2'
[2.970s] DEBUG:colcon.colcon_core.event_reactor:joining thread
[2.978s] INFO:colcon.colcon_core.plugin_system:Skipping extension 'colcon_notification.desktop_notification.terminal_notifier': Not used on non-Darwin systems
[2.979s] INFO:colcon.colcon_core.plugin_system:Skipping extension 'colcon_notification.desktop_notification.win32': Not used on non-Windows systems
[2.980s] INFO:colcon.colcon_notification.desktop_notification:Sending desktop notification using 'notify2'
[2.998s] DEBUG:colcon.colcon_core.event_reactor:joined thread
[2.999s] INFO:colcon.colcon_core.shell:Creating prefix script '/home/dheeraj/ros2_ws/src/my_beginner_tutorials/install/local_setup.ps1'
[3.000s] INFO:colcon.colcon_core.shell:Creating prefix util module '/home/dheeraj/ros2_ws/src/my_beginner_tutorials/install/_local_setup_util_ps1.py'
[3.001s] INFO:colcon.colcon_core.shell:Creating prefix chain script '/home/dheeraj/ros2_ws/src/my_beginner_tutorials/install/setup.ps1'
[3.003s] INFO:colcon.colcon_core.shell:Creating prefix script '/home/dheeraj/ros2_ws/src/my_beginner_tutorials/install/local_setup.sh'
[3.004s] INFO:colcon.colcon_core.shell:Creating prefix util module '/home/dheeraj/ros2_ws/src/my_beginner_tutorials/install/_local_setup_util_sh.py'
[3.005s] INFO:colcon.colcon_core.shell:Creating prefix chain script '/home/dheeraj/ros2_ws/src/my_beginner_tutorials/install/setup.sh'
[3.006s] INFO:colcon.colcon_core.shell:Creating prefix script '/home/dheeraj/ros2_ws/src/my_beginner_tutorials/install/local_setup.bash'
[3.007s] INFO:colcon.colcon_core.shell:Creating prefix chain script '/home/dheeraj/ros2_ws/src/my_beginner_tutorials/install/setup.bash'
[3.008s] INFO:colcon.colcon_core.shell:Creating prefix script '/home/dheeraj/ros2_ws/src/my_beginner_tutorials/install/local_setup.zsh'
[3.008s] INFO:colcon.colcon_core.shell:Creating prefix chain script '/home/dheeraj/ros2_ws/src/my_beginner_tutorials/install/setup.zsh'
