[0.013s] Invoking command in '/home/dheeraj/ros2_ws/src/my_beginner_tutorials/build/my_beginner_tutorials': /usr/bin/cmake /home/dheeraj/ros2_ws/src/my_beginner_tutorials -DCMAKE_VERBOSE_MAKEFILE=ON -DCMAKE_INSTALL_PREFIX=/home/dheeraj/ros2_ws/src/my_beginner_tutorials/install/my_beginner_tutorials
[0.024s] -- Found ament_cmake: 1.3.11 (/opt/ros/humble/share/ament_cmake/cmake)
[0.141s] -- Found rosidl_default_generators: 1.2.0 (/opt/ros/humble/share/rosidl_default_generators/cmake)
[0.142s] -- Using all available rosidl_typesupport_c: rosidl_typesupport_fastrtps_c;rosidl_typesupport_introspection_c
[0.145s] -- Found rosidl_adapter: 3.1.6 (/opt/ros/humble/share/rosidl_adapter/cmake)
[0.174s] -- Using all available rosidl_typesupport_cpp: rosidl_typesupport_fastrtps_cpp;rosidl_typesupport_introspection_cpp
[0.196s] -- Found rclcpp: 16.0.11 (/opt/ros/humble/share/rclcpp/cmake)
[0.235s] -- Found rmw_implementation_cmake: 6.1.2 (/opt/ros/humble/share/rmw_implementation_cmake/cmake)
[0.236s] -- Found rmw_fastrtps_cpp: 6.2.7 (/opt/ros/humble/share/rmw_fastrtps_cpp/cmake)
[0.336s] -- Using RMW implementation 'rmw_fastrtps_cpp' as default
[0.385s] -- Found tf2: 0.25.9 (/opt/ros/humble/share/tf2/cmake)
[0.399s] -- Found tf2_ros: 0.25.9 (/opt/ros/humble/share/tf2_ros/cmake)
[0.649s] Error parsing '/home/dheeraj/ros2_ws/src/my_beginner_tutorials/package.xml':
[0.690s] Traceback (most recent call last):
[0.690s]   File "/usr/lib/python3/dist-packages/catkin_pkg/package.py", line 610, in parse_package_string
[0.691s]     root = dom.parseString(data)
[0.691s]   File "/usr/lib/python3.10/xml/dom/minidom.py", line 2000, in parseString
[0.691s]     return expatbuilder.parseString(string)
[0.691s]   File "/usr/lib/python3.10/xml/dom/expatbuilder.py", line 925, in parseString
[0.691s]     return builder.parseString(string)
[0.691s]   File "/usr/lib/python3.10/xml/dom/expatbuilder.py", line 223, in parseString
[0.691s]     parser.Parse(string, True)
[0.692s] xml.parsers.expat.ExpatError: mismatched tag: line 23, column 2
[0.692s] 
[0.692s] During handling of the above exception, another exception occurred:
[0.692s] 
[0.692s] Traceback (most recent call last):
[0.692s]   File "/opt/ros/humble/share/ament_cmake_core/cmake/core/package_xml_2_cmake.py", line 150, in <module>
[0.692s]     main()
[0.692s]   File "/opt/ros/humble/share/ament_cmake_core/cmake/core/package_xml_2_cmake.py", line 53, in main
[0.692s]     raise e
[0.692s]   File "/opt/ros/humble/share/ament_cmake_core/cmake/core/package_xml_2_cmake.py", line 49, in main
[0.692s]     package = parse_package_string(
[0.692s]   File "/usr/lib/python3/dist-packages/catkin_pkg/package.py", line 612, in parse_package_string
[0.693s]     raise InvalidPackage('The manifest contains invalid XML:\n%s' % ex, filename)
[0.693s] catkin_pkg.package.InvalidPackage: Error(s) in package '/home/dheeraj/ros2_ws/src/my_beginner_tutorials/package.xml':
[0.693s] The manifest contains invalid XML:
[0.693s] mismatched tag: line 23, column 2
[0.707s] [31mCMake Error at /opt/ros/humble/share/ament_cmake_core/cmake/core/ament_package_xml.cmake:95 (message):
[0.707s]   execute_process(/usr/bin/python3
[0.707s]   /opt/ros/humble/share/ament_cmake_core/cmake/core/package_xml_2_cmake.py
[0.707s]   /home/dheeraj/ros2_ws/src/my_beginner_tutorials/package.xml
[0.707s]   /home/dheeraj/ros2_ws/src/my_beginner_tutorials/build/my_beginner_tutorials/ament_cmake_core/package.cmake)
[0.707s]   returned error code 1
[0.707s] Call Stack (most recent call first):
[0.707s]   /opt/ros/humble/share/ament_cmake_core/cmake/core/ament_package_xml.cmake:49 (_ament_package_xml)
[0.707s]   /opt/ros/humble/share/rosidl_cmake/cmake/rosidl_generate_interfaces.cmake:226 (ament_package_xml)
[0.707s]   CMakeLists.txt:21 (rosidl_generate_interfaces)
[0.707s] 
[0.707s] [0m
[0.707s] -- Configuring incomplete, errors occurred!
[0.708s] See also "/home/dheeraj/ros2_ws/src/my_beginner_tutorials/build/my_beginner_tutorials/CMakeFiles/CMakeOutput.log".
[0.717s] Invoked command in '/home/dheeraj/ros2_ws/src/my_beginner_tutorials/build/my_beginner_tutorials' returned '1': /usr/bin/cmake /home/dheeraj/ros2_ws/src/my_beginner_tutorials -DCMAKE_VERBOSE_MAKEFILE=ON -DCMAKE_INSTALL_PREFIX=/home/dheeraj/ros2_ws/src/my_beginner_tutorials/install/my_beginner_tutorials
