[35m[1mConsolidate compiler generated dependencies of target publisher_node[0m
[ 50%] Built target subscriber_node
[ 75%] [32mBuilding CXX object CMakeFiles/publisher_node.dir/src/publisher_node.cpp.o[0m
[100%] [32m[1mLinking CXX executable publisher_node[0m
[100%] Built target publisher_node
-- Install configuration: ""
-- Installing: /ros_workspace/my_beginner_tutorials/install/my_beginner_tutorials/lib/my_beginner_tutorials/publisher_node
-- Set runtime path of "/ros_workspace/my_beginner_tutorials/install/my_beginner_tutorials/lib/my_beginner_tutorials/publisher_node" to ""
-- Installing: /ros_workspace/my_beginner_tutorials/install/my_beginner_tutorials/lib/my_beginner_tutorials/subscriber_node
-- Set runtime path of "/ros_workspace/my_beginner_tutorials/install/my_beginner_tutorials/lib/my_beginner_tutorials/subscriber_node" to ""
-- Installing: /ros_workspace/my_beginner_tutorials/install/my_beginner_tutorials/share/ament_index/resource_index/package_run_dependencies/my_beginner_tutorials
-- Installing: /ros_workspace/my_beginner_tutorials/install/my_beginner_tutorials/share/ament_index/resource_index/parent_prefix_path/my_beginner_tutorials
-- Installing: /ros_workspace/my_beginner_tutorials/install/my_beginner_tutorials/share/my_beginner_tutorials/environment/ament_prefix_path.sh
-- Installing: /ros_workspace/my_beginner_tutorials/install/my_beginner_tutorials/share/my_beginner_tutorials/environment/ament_prefix_path.dsv
-- Installing: /ros_workspace/my_beginner_tutorials/install/my_beginner_tutorials/share/my_beginner_tutorials/environment/path.sh
-- Installing: /ros_workspace/my_beginner_tutorials/install/my_beginner_tutorials/share/my_beginner_tutorials/environment/path.dsv
-- Installing: /ros_workspace/my_beginner_tutorials/install/my_beginner_tutorials/share/my_beginner_tutorials/local_setup.bash
-- Installing: /ros_workspace/my_beginner_tutorials/install/my_beginner_tutorials/share/my_beginner_tutorials/local_setup.sh
-- Installing: /ros_workspace/my_beginner_tutorials/install/my_beginner_tutorials/share/my_beginner_tutorials/local_setup.zsh
-- Installing: /ros_workspace/my_beginner_tutorials/install/my_beginner_tutorials/share/my_beginner_tutorials/local_setup.dsv
-- Installing: /ros_workspace/my_beginner_tutorials/install/my_beginner_tutorials/share/my_beginner_tutorials/package.dsv
-- Installing: /ros_workspace/my_beginner_tutorials/install/my_beginner_tutorials/share/ament_index/resource_index/packages/my_beginner_tutorials
-- Installing: /ros_workspace/my_beginner_tutorials/install/my_beginner_tutorials/share/my_beginner_tutorials/cmake/my_beginner_tutorialsConfig.cmake
-- Installing: /ros_workspace/my_beginner_tutorials/install/my_beginner_tutorials/share/my_beginner_tutorials/cmake/my_beginner_tutorialsConfig-version.cmake
-- Installing: /ros_workspace/my_beginner_tutorials/install/my_beginner_tutorials/share/my_beginner_tutorials/package.xml
