[0.011s] Invoking command in '/ros_workspace/my_beginner_tutorials/build/my_beginner_tutorials': CMAKE_PREFIX_PATH=${CMAKE_PREFIX_PATH}:/opt/ros/humble /usr/bin/cmake --build /ros_workspace/my_beginner_tutorials/build/my_beginner_tutorials -- -j8 -l8
[0.060s] [35m[1mConsolidate compiler generated dependencies of target publisher_node[0m
[0.076s] [ 50%] Built target subscriber_node
[0.080s] [ 75%] [32mBuilding CXX object CMakeFiles/publisher_node.dir/src/publisher_node.cpp.o[0m
[4.742s] [100%] [32m[1mLinking CXX executable publisher_node[0m
[4.961s] [100%] Built target publisher_node
[4.975s] Invoked command in '/ros_workspace/my_beginner_tutorials/build/my_beginner_tutorials' returned '0': CMAKE_PREFIX_PATH=${CMAKE_PREFIX_PATH}:/opt/ros/humble /usr/bin/cmake --build /ros_workspace/my_beginner_tutorials/build/my_beginner_tutorials -- -j8 -l8
[5.016s] Invoking command in '/ros_workspace/my_beginner_tutorials/build/my_beginner_tutorials': CMAKE_PREFIX_PATH=${CMAKE_PREFIX_PATH}:/opt/ros/humble /usr/bin/cmake --install /ros_workspace/my_beginner_tutorials/build/my_beginner_tutorials
[5.024s] -- Install configuration: ""
[5.024s] -- Installing: /ros_workspace/my_beginner_tutorials/install/my_beginner_tutorials/lib/my_beginner_tutorials/publisher_node
[5.026s] -- Set runtime path of "/ros_workspace/my_beginner_tutorials/install/my_beginner_tutorials/lib/my_beginner_tutorials/publisher_node" to ""
[5.026s] -- Installing: /ros_workspace/my_beginner_tutorials/install/my_beginner_tutorials/lib/my_beginner_tutorials/subscriber_node
[5.030s] -- Set runtime path of "/ros_workspace/my_beginner_tutorials/install/my_beginner_tutorials/lib/my_beginner_tutorials/subscriber_node" to ""
[5.030s] -- Installing: /ros_workspace/my_beginner_tutorials/install/my_beginner_tutorials/share/ament_index/resource_index/package_run_dependencies/my_beginner_tutorials
[5.030s] -- Installing: /ros_workspace/my_beginner_tutorials/install/my_beginner_tutorials/share/ament_index/resource_index/parent_prefix_path/my_beginner_tutorials
[5.030s] -- Installing: /ros_workspace/my_beginner_tutorials/install/my_beginner_tutorials/share/my_beginner_tutorials/environment/ament_prefix_path.sh
[5.030s] -- Installing: /ros_workspace/my_beginner_tutorials/install/my_beginner_tutorials/share/my_beginner_tutorials/environment/ament_prefix_path.dsv
[5.031s] -- Installing: /ros_workspace/my_beginner_tutorials/install/my_beginner_tutorials/share/my_beginner_tutorials/environment/path.sh
[5.031s] -- Installing: /ros_workspace/my_beginner_tutorials/install/my_beginner_tutorials/share/my_beginner_tutorials/environment/path.dsv
[5.031s] -- Installing: /ros_workspace/my_beginner_tutorials/install/my_beginner_tutorials/share/my_beginner_tutorials/local_setup.bash
[5.031s] -- Installing: /ros_workspace/my_beginner_tutorials/install/my_beginner_tutorials/share/my_beginner_tutorials/local_setup.sh
[5.031s] -- Installing: /ros_workspace/my_beginner_tutorials/install/my_beginner_tutorials/share/my_beginner_tutorials/local_setup.zsh
[5.032s] -- Installing: /ros_workspace/my_beginner_tutorials/install/my_beginner_tutorials/share/my_beginner_tutorials/local_setup.dsv
[5.032s] -- Installing: /ros_workspace/my_beginner_tutorials/install/my_beginner_tutorials/share/my_beginner_tutorials/package.dsv
[5.032s] -- Installing: /ros_workspace/my_beginner_tutorials/install/my_beginner_tutorials/share/ament_index/resource_index/packages/my_beginner_tutorials
[5.033s] -- Installing: /ros_workspace/my_beginner_tutorials/install/my_beginner_tutorials/share/my_beginner_tutorials/cmake/my_beginner_tutorialsConfig.cmake
[5.033s] -- Installing: /ros_workspace/my_beginner_tutorials/install/my_beginner_tutorials/share/my_beginner_tutorials/cmake/my_beginner_tutorialsConfig-version.cmake
[5.033s] -- Installing: /ros_workspace/my_beginner_tutorials/install/my_beginner_tutorials/share/my_beginner_tutorials/package.xml
[5.035s] Invoked command in '/ros_workspace/my_beginner_tutorials/build/my_beginner_tutorials' returned '0': CMAKE_PREFIX_PATH=${CMAKE_PREFIX_PATH}:/opt/ros/humble /usr/bin/cmake --install /ros_workspace/my_beginner_tutorials/build/my_beginner_tutorials
