[0.130s] DEBUG:colcon:Command line arguments: ['/usr/bin/colcon', 'build']
[0.130s] DEBUG:colcon:Parsed command line arguments: Namespace(log_base=None, log_level=None, verb_name='build', build_base='build', install_base='install', merge_install=False, symlink_install=False, test_result_base=None, continue_on_error=False, executor='parallel', parallel_workers=8, event_handlers=None, ignore_user_meta=False, metas=['./colcon.meta'], base_paths=['.'], packages_ignore=None, packages_ignore_regex=None, paths=None, packages_up_to=None, packages_up_to_regex=None, packages_above=None, packages_above_and_dependencies=None, packages_above_depth=None, packages_select_by_dep=None, packages_skip_by_dep=None, packages_skip_up_to=None, packages_select_build_failed=False, packages_skip_build_finished=False, packages_select_test_failures=False, packages_skip_test_passed=False, packages_select=None, packages_skip=None, packages_select_regex=None, packages_skip_regex=None, packages_start=None, packages_end=None, cmake_args=None, cmake_target=None, cmake_target_skip_unavailable=False, cmake_clean_cache=False, cmake_clean_first=False, cmake_force_configure=False, ament_cmake_args=None, catkin_cmake_args=None, catkin_skip_building_tests=False, mixin_files=None, mixin=None, verb_parser=<colcon_mixin.mixin.mixin_argument.MixinArgumentDecorator object at 0x743271f82590>, verb_extension=<colcon_core.verb.build.BuildVerb object at 0x743271f81900>, main=<bound method BuildVerb.main of <colcon_core.verb.build.BuildVerb object at 0x743271f81900>>, mixin_verb=('build',))
[0.234s] Level 1:colcon.colcon_core.package_discovery:discover_packages(colcon_meta) check parameters
[0.235s] INFO:colcon.colcon_metadata.package_discovery.colcon_meta:Using configuration from '/root/.colcon/metadata/default/Gazebo.meta'
[0.235s] INFO:colcon.colcon_metadata.package_discovery.colcon_meta:Using configuration from '/root/.colcon/metadata/default/fastrtps.meta'
[0.235s] Level 1:colcon.colcon_core.package_discovery:discover_packages(recursive) check parameters
[0.235s] Level 1:colcon.colcon_core.package_discovery:discover_packages(ignore) check parameters
[0.235s] Level 1:colcon.colcon_core.package_discovery:discover_packages(path) check parameters
[0.235s] Level 1:colcon.colcon_core.package_discovery:discover_packages(colcon_meta) discover
[0.235s] Level 1:colcon.colcon_core.package_discovery:discover_packages(recursive) discover
[0.235s] INFO:colcon.colcon_core.package_discovery:Crawling recursively for packages in '/ros_workspace/my_beginner_tutorials'
[0.235s] Level 1:colcon.colcon_core.package_identification:_identify(.) by extensions ['ignore', 'ignore_ament_install']
[0.235s] Level 1:colcon.colcon_core.package_identification:_identify(.) by extension 'ignore'
[0.235s] Level 1:colcon.colcon_core.package_identification:_identify(.) by extension 'ignore_ament_install'
[0.236s] Level 1:colcon.colcon_core.package_identification:_identify(.) by extensions ['colcon_pkg']
[0.236s] Level 1:colcon.colcon_core.package_identification:_identify(.) by extension 'colcon_pkg'
[0.236s] Level 1:colcon.colcon_core.package_identification:_identify(.) by extensions ['colcon_meta']
[0.236s] Level 1:colcon.colcon_core.package_identification:_identify(.) by extension 'colcon_meta'
[0.236s] Level 1:colcon.colcon_core.package_identification:_identify(.) by extensions ['ros']
[0.236s] Level 1:colcon.colcon_core.package_identification:_identify(.) by extension 'ros'
[0.248s] DEBUG:colcon.colcon_core.package_identification:Package '.' with type 'ros.ament_cmake' and name 'my_beginner_tutorials'
[0.248s] Level 1:colcon.colcon_core.package_discovery:discover_packages(recursive) using defaults
[0.248s] Level 1:colcon.colcon_core.package_discovery:discover_packages(ignore) discover
[0.248s] Level 1:colcon.colcon_core.package_discovery:discover_packages(ignore) using defaults
[0.248s] Level 1:colcon.colcon_core.package_discovery:discover_packages(path) discover
[0.248s] Level 1:colcon.colcon_core.package_discovery:discover_packages(path) using defaults
[0.267s] Level 5:colcon.colcon_core.verb:set package 'my_beginner_tutorials' build argument 'cmake_args' from command line to 'None'
[0.267s] Level 5:colcon.colcon_core.verb:set package 'my_beginner_tutorials' build argument 'cmake_target' from command line to 'None'
[0.267s] Level 5:colcon.colcon_core.verb:set package 'my_beginner_tutorials' build argument 'cmake_target_skip_unavailable' from command line to 'False'
[0.267s] Level 5:colcon.colcon_core.verb:set package 'my_beginner_tutorials' build argument 'cmake_clean_cache' from command line to 'False'
[0.267s] Level 5:colcon.colcon_core.verb:set package 'my_beginner_tutorials' build argument 'cmake_clean_first' from command line to 'False'
[0.267s] Level 5:colcon.colcon_core.verb:set package 'my_beginner_tutorials' build argument 'cmake_force_configure' from command line to 'False'
[0.267s] Level 5:colcon.colcon_core.verb:set package 'my_beginner_tutorials' build argument 'ament_cmake_args' from command line to 'None'
[0.267s] Level 5:colcon.colcon_core.verb:set package 'my_beginner_tutorials' build argument 'catkin_cmake_args' from command line to 'None'
[0.267s] Level 5:colcon.colcon_core.verb:set package 'my_beginner_tutorials' build argument 'catkin_skip_building_tests' from command line to 'False'
[0.267s] DEBUG:colcon.colcon_core.verb:Building package 'my_beginner_tutorials' with the following arguments: {'ament_cmake_args': None, 'build_base': '/ros_workspace/my_beginner_tutorials/build/my_beginner_tutorials', 'catkin_cmake_args': None, 'catkin_skip_building_tests': False, 'cmake_args': None, 'cmake_clean_cache': False, 'cmake_clean_first': False, 'cmake_force_configure': False, 'cmake_target': None, 'cmake_target_skip_unavailable': False, 'install_base': '/ros_workspace/my_beginner_tutorials/install/my_beginner_tutorials', 'merge_install': False, 'path': '/ros_workspace/my_beginner_tutorials', 'symlink_install': False, 'test_result_base': None}
[0.267s] INFO:colcon.colcon_core.executor:Executing jobs using 'parallel' executor
[0.268s] DEBUG:colcon.colcon_parallel_executor.executor.parallel:run_until_complete
[0.268s] INFO:colcon.colcon_ros.task.ament_cmake.build:Building ROS package in '/ros_workspace/my_beginner_tutorials' with build type 'ament_cmake'
[0.268s] INFO:colcon.colcon_cmake.task.cmake.build:Building CMake package in '/ros_workspace/my_beginner_tutorials'
[0.270s] INFO:colcon.colcon_core.plugin_system:Skipping extension 'colcon_core.shell.bat': Not used on non-Windows systems
[0.270s] INFO:colcon.colcon_core.shell:Skip shell extension 'powershell' for command environment: Not usable outside of PowerShell
[0.270s] DEBUG:colcon.colcon_core.shell:Skip shell extension 'dsv' for command environment
[0.279s] DEBUG:colcon.colcon_core.event_handler.log_command:Invoking command in '/ros_workspace/my_beginner_tutorials/build/my_beginner_tutorials': CMAKE_PREFIX_PATH=${CMAKE_PREFIX_PATH}:/opt/ros/humble /usr/bin/cmake --build /ros_workspace/my_beginner_tutorials/build/my_beginner_tutorials -- -j8 -l8
[3.843s] DEBUG:colcon.colcon_core.event_handler.log_command:Invoked command in '/ros_workspace/my_beginner_tutorials/build/my_beginner_tutorials' returned '2': CMAKE_PREFIX_PATH=${CMAKE_PREFIX_PATH}:/opt/ros/humble /usr/bin/cmake --build /ros_workspace/my_beginner_tutorials/build/my_beginner_tutorials -- -j8 -l8
[3.872s] Level 1:colcon.colcon_core.environment:create_environment_scripts_only(my_beginner_tutorials)
[3.874s] Level 1:colcon.colcon_core.environment:checking '/ros_workspace/my_beginner_tutorials/install/my_beginner_tutorials' for CMake module files
[3.874s] Level 1:colcon.colcon_core.environment:checking '/ros_workspace/my_beginner_tutorials/install/my_beginner_tutorials' for CMake config files
[3.875s] Level 1:colcon.colcon_core.environment:checking '/ros_workspace/my_beginner_tutorials/install/my_beginner_tutorials/bin'
[3.875s] Level 1:colcon.colcon_core.environment:checking '/ros_workspace/my_beginner_tutorials/install/my_beginner_tutorials/lib/pkgconfig/my_beginner_tutorials.pc'
[3.877s] Level 1:colcon.colcon_core.environment:checking '/ros_workspace/my_beginner_tutorials/install/my_beginner_tutorials/lib/python3.10/site-packages'
[3.877s] Level 1:colcon.colcon_core.environment:checking '/ros_workspace/my_beginner_tutorials/install/my_beginner_tutorials/bin'
[3.877s] INFO:colcon.colcon_core.shell:Creating package script '/ros_workspace/my_beginner_tutorials/install/my_beginner_tutorials/share/my_beginner_tutorials/package.ps1'
[3.878s] INFO:colcon.colcon_core.shell:Creating package descriptor '/ros_workspace/my_beginner_tutorials/install/my_beginner_tutorials/share/my_beginner_tutorials/package.dsv'
[3.878s] INFO:colcon.colcon_core.shell:Creating package script '/ros_workspace/my_beginner_tutorials/install/my_beginner_tutorials/share/my_beginner_tutorials/package.sh'
[3.879s] INFO:colcon.colcon_core.shell:Creating package script '/ros_workspace/my_beginner_tutorials/install/my_beginner_tutorials/share/my_beginner_tutorials/package.bash'
[3.880s] INFO:colcon.colcon_core.shell:Creating package script '/ros_workspace/my_beginner_tutorials/install/my_beginner_tutorials/share/my_beginner_tutorials/package.zsh'
[3.881s] Level 1:colcon.colcon_core.environment:create_file_with_runtime_dependencies(/ros_workspace/my_beginner_tutorials/install/my_beginner_tutorials/share/colcon-core/packages/my_beginner_tutorials)
[3.891s] DEBUG:colcon.colcon_parallel_executor.executor.parallel:closing loop
[3.892s] DEBUG:colcon.colcon_parallel_executor.executor.parallel:loop closed
[3.892s] DEBUG:colcon.colcon_parallel_executor.executor.parallel:run_until_complete finished with '2'
[3.892s] DEBUG:colcon.colcon_core.event_reactor:joining thread
[3.908s] INFO:colcon.colcon_core.plugin_system:Skipping extension 'colcon_notification.desktop_notification.notify_send': Could not find 'notify-send'
[3.908s] INFO:colcon.colcon_core.plugin_system:Skipping extension 'colcon_notification.desktop_notification.terminal_notifier': Not used on non-Darwin systems
[3.908s] INFO:colcon.colcon_core.plugin_system:Skipping extension 'colcon_notification.desktop_notification.win32': Not used on non-Windows systems
[3.909s] INFO:colcon.colcon_notification.desktop_notification:Sending desktop notification using 'notify2'
[3.909s] DEBUG:colcon.colcon_notification.desktop_notification.notify2:Failed to initialize notify2: org.freedesktop.DBus.Error.InvalidFileContent: D-Bus library appears to be incorrectly set up: see the manual page for dbus-uuidgen to correct this issue. (Failed to open "/var/lib/dbus/machine-id": No such file or directory; UUID file '/etc/machine-id' should contain a hex string of length 32, not length 0, with no other text)
[3.909s] DEBUG:colcon.colcon_core.event_reactor:joined thread
[3.909s] INFO:colcon.colcon_core.shell:Creating prefix script '/ros_workspace/my_beginner_tutorials/install/local_setup.ps1'
[3.911s] INFO:colcon.colcon_core.shell:Creating prefix util module '/ros_workspace/my_beginner_tutorials/install/_local_setup_util_ps1.py'
[3.913s] INFO:colcon.colcon_core.shell:Creating prefix chain script '/ros_workspace/my_beginner_tutorials/install/setup.ps1'
[3.915s] INFO:colcon.colcon_core.shell:Creating prefix script '/ros_workspace/my_beginner_tutorials/install/local_setup.sh'
[3.915s] INFO:colcon.colcon_core.shell:Creating prefix util module '/ros_workspace/my_beginner_tutorials/install/_local_setup_util_sh.py'
[3.916s] INFO:colcon.colcon_core.shell:Creating prefix chain script '/ros_workspace/my_beginner_tutorials/install/setup.sh'
[3.918s] INFO:colcon.colcon_core.shell:Creating prefix script '/ros_workspace/my_beginner_tutorials/install/local_setup.bash'
[3.919s] INFO:colcon.colcon_core.shell:Creating prefix chain script '/ros_workspace/my_beginner_tutorials/install/setup.bash'
[3.921s] INFO:colcon.colcon_core.shell:Creating prefix script '/ros_workspace/my_beginner_tutorials/install/local_setup.zsh'
[3.922s] INFO:colcon.colcon_core.shell:Creating prefix chain script '/ros_workspace/my_beginner_tutorials/install/setup.zsh'
