-- Found ament_cmake: 1.3.11 (/opt/ros/humble/share/ament_cmake/cmake)
-- Found rosidl_default_generators: 1.2.0 (/opt/ros/humble/share/rosidl_default_generators/cmake)
-- Using all available rosidl_typesupport_c: rosidl_typesupport_fastrtps_c;rosidl_typesupport_introspection_c
-- Found rosidl_adapter: 3.1.6 (/opt/ros/humble/share/rosidl_adapter/cmake)
-- Using all available rosidl_typesupport_cpp: rosidl_typesupport_fastrtps_cpp;rosidl_typesupport_introspection_cpp
-- Found rclcpp: 16.0.11 (/opt/ros/humble/share/rclcpp/cmake)
-- Found rmw_implementation_cmake: 6.1.2 (/opt/ros/humble/share/rmw_implementation_cmake/cmake)
-- Found rmw_fastrtps_cpp: 6.2.7 (/opt/ros/humble/share/rmw_fastrtps_cpp/cmake)
-- Using RMW implementation 'rmw_fastrtps_cpp' as default
-- Found tf2: 0.25.9 (/opt/ros/humble/share/tf2/cmake)
-- Found tf2_ros: 0.25.9 (/opt/ros/humble/share/tf2_ros/cmake)
-- Found ament_cmake_ros: 0.10.0 (/opt/ros/humble/share/ament_cmake_ros/cmake)
-- Using all available rosidl_typesupport_c: rosidl_typesupport_fastrtps_c;rosidl_typesupport_introspection_c
-- Using all available rosidl_typesupport_cpp: rosidl_typesupport_fastrtps_cpp;rosidl_typesupport_introspection_cpp
-- Found python_cmake_module: 0.10.0 (/opt/ros/humble/share/python_cmake_module/cmake)
-- Using PYTHON_EXECUTABLE: /usr/bin/python3
-- Using PYTHON_INCLUDE_DIRS: /usr/include/python3.10
-- Using PYTHON_LIBRARIES: /usr/lib/x86_64-linux-gnu/libpython3.10.so
-- Found ament_lint_auto: 0.12.11 (/opt/ros/humble/share/ament_lint_auto/cmake)
-- Added test 'cppcheck' to perform static code analysis on C / C++ code
-- Configured cppcheck include dirs: $<BUILD_INTERFACE:/home/dheeraj/ros2_ws/src/my_beginner_tutorials/build/my_beginner_tutorials/rosidl_generator_c>;$<BUILD_INTERFACE:/home/dheeraj/ros2_ws/src/my_beginner_tutorials/build/my_beginner_tutorials/rosidl_typesupport_fastrtps_c>;$<BUILD_INTERFACE:/home/dheeraj/ros2_ws/src/my_beginner_tutorials/build/my_beginner_tutorials/rosidl_typesupport_introspection_c>;$<BUILD_INTERFACE:/home/dheeraj/ros2_ws/src/my_beginner_tutorials/build/my_beginner_tutorials/rosidl_generator_cpp>;$<BUILD_INTERFACE:/home/dheeraj/ros2_ws/src/my_beginner_tutorials/build/my_beginner_tutorials/rosidl_typesupport_fastrtps_cpp>;$<BUILD_INTERFACE:/home/dheeraj/ros2_ws/src/my_beginner_tutorials/build/my_beginner_tutorials/rosidl_typesupport_introspection_cpp>;/home/dheeraj/ros2_ws/src/my_beginner_tutorials/build/my_beginner_tutorials/rosidl_generator_c;/home/dheeraj/ros2_ws/src/my_beginner_tutorials/build/my_beginner_tutorials/rosidl_generator_py
-- Configured cppcheck exclude dirs and/or files: 
-- Added test 'flake8' to check Python code syntax and style conventions
-- Added test 'lint_cmake' to check CMake code style
-- Added test 'pep257' to check Python code against some of the docstring style conventions in PEP 257
-- Added test 'uncrustify' to check C / C++ code style
-- Configured uncrustify additional arguments: 
-- Added test 'xmllint' to check XML markup files
-- Configuring done
-- Generating done
-- Build files have been written to: /home/dheeraj/ros2_ws/src/my_beginner_tutorials/build/my_beginner_tutorials
/usr/bin/cmake -S/home/dheeraj/ros2_ws/src/my_beginner_tutorials -B/home/dheeraj/ros2_ws/src/my_beginner_tutorials/build/my_beginner_tutorials --check-build-system CMakeFiles/Makefile.cmake 0
/usr/bin/cmake -E cmake_progress_start /home/dheeraj/ros2_ws/src/my_beginner_tutorials/build/my_beginner_tutorials/CMakeFiles /home/dheeraj/ros2_ws/src/my_beginner_tutorials/build/my_beginner_tutorials//CMakeFiles/progress.marks
/usr/bin/gmake  -f CMakeFiles/Makefile2 all
gmake[1]: Entering directory '/home/dheeraj/ros2_ws/src/my_beginner_tutorials/build/my_beginner_tutorials'
/usr/bin/gmake  -f CMakeFiles/my_beginner_tutorials__cpp.dir/build.make CMakeFiles/my_beginner_tutorials__cpp.dir/depend
/usr/bin/gmake  -f CMakeFiles/my_beginner_tutorials__rosidl_generator_c.dir/build.make CMakeFiles/my_beginner_tutorials__rosidl_generator_c.dir/depend
/usr/bin/gmake  -f CMakeFiles/ament_cmake_python_copy_my_beginner_tutorials.dir/build.make CMakeFiles/ament_cmake_python_copy_my_beginner_tutorials.dir/depend
/usr/bin/gmake  -f CMakeFiles/subscriber_node.dir/build.make CMakeFiles/subscriber_node.dir/depend
gmake[2]: Entering directory '/home/dheeraj/ros2_ws/src/my_beginner_tutorials/build/my_beginner_tutorials'
cd /home/dheeraj/ros2_ws/src/my_beginner_tutorials/build/my_beginner_tutorials && /usr/bin/cmake -E cmake_depends "Unix Makefiles" /home/dheeraj/ros2_ws/src/my_beginner_tutorials /home/dheeraj/ros2_ws/src/my_beginner_tutorials /home/dheeraj/ros2_ws/src/my_beginner_tutorials/build/my_beginner_tutorials /home/dheeraj/ros2_ws/src/my_beginner_tutorials/build/my_beginner_tutorials /home/dheeraj/ros2_ws/src/my_beginner_tutorials/build/my_beginner_tutorials/CMakeFiles/ament_cmake_python_copy_my_beginner_tutorials.dir/DependInfo.cmake --color=
gmake[2]: Entering directory '/home/dheeraj/ros2_ws/src/my_beginner_tutorials/build/my_beginner_tutorials'
cd /home/dheeraj/ros2_ws/src/my_beginner_tutorials/build/my_beginner_tutorials && /usr/bin/cmake -E cmake_depends "Unix Makefiles" /home/dheeraj/ros2_ws/src/my_beginner_tutorials /home/dheeraj/ros2_ws/src/my_beginner_tutorials /home/dheeraj/ros2_ws/src/my_beginner_tutorials/build/my_beginner_tutorials /home/dheeraj/ros2_ws/src/my_beginner_tutorials/build/my_beginner_tutorials /home/dheeraj/ros2_ws/src/my_beginner_tutorials/build/my_beginner_tutorials/CMakeFiles/my_beginner_tutorials__cpp.dir/DependInfo.cmake --color=
gmake[2]: Entering directory '/home/dheeraj/ros2_ws/src/my_beginner_tutorials/build/my_beginner_tutorials'
cd /home/dheeraj/ros2_ws/src/my_beginner_tutorials/build/my_beginner_tutorials && /usr/bin/cmake -E cmake_depends "Unix Makefiles" /home/dheeraj/ros2_ws/src/my_beginner_tutorials /home/dheeraj/ros2_ws/src/my_beginner_tutorials /home/dheeraj/ros2_ws/src/my_beginner_tutorials/build/my_beginner_tutorials /home/dheeraj/ros2_ws/src/my_beginner_tutorials/build/my_beginner_tutorials /home/dheeraj/ros2_ws/src/my_beginner_tutorials/build/my_beginner_tutorials/CMakeFiles/my_beginner_tutorials__rosidl_generator_c.dir/DependInfo.cmake --color=
gmake[2]: Entering directory '/home/dheeraj/ros2_ws/src/my_beginner_tutorials/build/my_beginner_tutorials'
cd /home/dheeraj/ros2_ws/src/my_beginner_tutorials/build/my_beginner_tutorials && /usr/bin/cmake -E cmake_depends "Unix Makefiles" /home/dheeraj/ros2_ws/src/my_beginner_tutorials /home/dheeraj/ros2_ws/src/my_beginner_tutorials /home/dheeraj/ros2_ws/src/my_beginner_tutorials/build/my_beginner_tutorials /home/dheeraj/ros2_ws/src/my_beginner_tutorials/build/my_beginner_tutorials /home/dheeraj/ros2_ws/src/my_beginner_tutorials/build/my_beginner_tutorials/CMakeFiles/subscriber_node.dir/DependInfo.cmake --color=
Dependencies file "CMakeFiles/my_beginner_tutorials__rosidl_generator_c.dir/rosidl_generator_c/my_beginner_tutorials/srv/detail/change_string__functions.c.o.d" is newer than depends file "/home/dheeraj/ros2_ws/src/my_beginner_tutorials/build/my_beginner_tutorials/CMakeFiles/my_beginner_tutorials__rosidl_generator_c.dir/compiler_depend.internal".
[35m[1mConsolidate compiler generated dependencies of target my_beginner_tutorials__rosidl_generator_c[0m
Dependencies file "CMakeFiles/subscriber_node.dir/src/subscriber_node.cpp.o.d" is newer than depends file "/home/dheeraj/ros2_ws/src/my_beginner_tutorials/build/my_beginner_tutorials/CMakeFiles/subscriber_node.dir/compiler_depend.internal".
gmake[2]: Leaving directory '/home/dheeraj/ros2_ws/src/my_beginner_tutorials/build/my_beginner_tutorials'
/usr/bin/gmake  -f CMakeFiles/my_beginner_tutorials__cpp.dir/build.make CMakeFiles/my_beginner_tutorials__cpp.dir/build
[35m[1mConsolidate compiler generated dependencies of target subscriber_node[0m
gmake[2]: Leaving directory '/home/dheeraj/ros2_ws/src/my_beginner_tutorials/build/my_beginner_tutorials'
/usr/bin/gmake  -f CMakeFiles/ament_cmake_python_copy_my_beginner_tutorials.dir/build.make CMakeFiles/ament_cmake_python_copy_my_beginner_tutorials.dir/build
gmake[2]: Leaving directory '/home/dheeraj/ros2_ws/src/my_beginner_tutorials/build/my_beginner_tutorials'
/usr/bin/gmake  -f CMakeFiles/my_beginner_tutorials__rosidl_generator_c.dir/build.make CMakeFiles/my_beginner_tutorials__rosidl_generator_c.dir/build
gmake[2]: Entering directory '/home/dheeraj/ros2_ws/src/my_beginner_tutorials/build/my_beginner_tutorials'
gmake[2]: Nothing to be done for 'CMakeFiles/my_beginner_tutorials__cpp.dir/build'.
gmake[2]: Leaving directory '/home/dheeraj/ros2_ws/src/my_beginner_tutorials/build/my_beginner_tutorials'
gmake[2]: Entering directory '/home/dheeraj/ros2_ws/src/my_beginner_tutorials/build/my_beginner_tutorials'
/usr/bin/cmake -E copy_directory /home/dheeraj/ros2_ws/src/my_beginner_tutorials/build/my_beginner_tutorials/rosidl_generator_py/my_beginner_tutorials /home/dheeraj/ros2_ws/src/my_beginner_tutorials/build/my_beginner_tutorials/ament_cmake_python/my_beginner_tutorials/my_beginner_tutorials
gmake[2]: Entering directory '/home/dheeraj/ros2_ws/src/my_beginner_tutorials/build/my_beginner_tutorials'
gmake[2]: Nothing to be done for 'CMakeFiles/my_beginner_tutorials__rosidl_generator_c.dir/build'.
gmake[2]: Leaving directory '/home/dheeraj/ros2_ws/src/my_beginner_tutorials/build/my_beginner_tutorials'
gmake[2]: Leaving directory '/home/dheeraj/ros2_ws/src/my_beginner_tutorials/build/my_beginner_tutorials'
/usr/bin/gmake  -f CMakeFiles/subscriber_node.dir/build.make CMakeFiles/subscriber_node.dir/build
[  2%] Built target my_beginner_tutorials__cpp
/usr/bin/gmake  -f CMakeFiles/my_beginner_tutorials__rosidl_typesupport_cpp.dir/build.make CMakeFiles/my_beginner_tutorials__rosidl_typesupport_cpp.dir/depend
gmake[2]: Leaving directory '/home/dheeraj/ros2_ws/src/my_beginner_tutorials/build/my_beginner_tutorials'
[ 11%] Built target my_beginner_tutorials__rosidl_generator_c
/usr/bin/gmake  -f CMakeFiles/my_beginner_tutorials__rosidl_typesupport_fastrtps_cpp.dir/build.make CMakeFiles/my_beginner_tutorials__rosidl_typesupport_fastrtps_cpp.dir/depend
/usr/bin/gmake  -f CMakeFiles/my_beginner_tutorials__rosidl_typesupport_introspection_cpp.dir/build.make CMakeFiles/my_beginner_tutorials__rosidl_typesupport_introspection_cpp.dir/depend
/usr/bin/gmake  -f CMakeFiles/my_beginner_tutorials__rosidl_typesupport_fastrtps_c.dir/build.make CMakeFiles/my_beginner_tutorials__rosidl_typesupport_fastrtps_c.dir/depend
gmake[2]: Entering directory '/home/dheeraj/ros2_ws/src/my_beginner_tutorials/build/my_beginner_tutorials'
gmake[2]: Nothing to be done for 'CMakeFiles/subscriber_node.dir/build'.
gmake[2]: Leaving directory '/home/dheeraj/ros2_ws/src/my_beginner_tutorials/build/my_beginner_tutorials'
gmake[2]: Entering directory '/home/dheeraj/ros2_ws/src/my_beginner_tutorials/build/my_beginner_tutorials'
cd /home/dheeraj/ros2_ws/src/my_beginner_tutorials/build/my_beginner_tutorials && /usr/bin/cmake -E cmake_depends "Unix Makefiles" /home/dheeraj/ros2_ws/src/my_beginner_tutorials /home/dheeraj/ros2_ws/src/my_beginner_tutorials /home/dheeraj/ros2_ws/src/my_beginner_tutorials/build/my_beginner_tutorials /home/dheeraj/ros2_ws/src/my_beginner_tutorials/build/my_beginner_tutorials /home/dheeraj/ros2_ws/src/my_beginner_tutorials/build/my_beginner_tutorials/CMakeFiles/my_beginner_tutorials__rosidl_typesupport_cpp.dir/DependInfo.cmake --color=
gmake[2]: Entering directory '/home/dheeraj/ros2_ws/src/my_beginner_tutorials/build/my_beginner_tutorials'
cd /home/dheeraj/ros2_ws/src/my_beginner_tutorials/build/my_beginner_tutorials && /usr/bin/cmake -E cmake_depends "Unix Makefiles" /home/dheeraj/ros2_ws/src/my_beginner_tutorials /home/dheeraj/ros2_ws/src/my_beginner_tutorials /home/dheeraj/ros2_ws/src/my_beginner_tutorials/build/my_beginner_tutorials /home/dheeraj/ros2_ws/src/my_beginner_tutorials/build/my_beginner_tutorials /home/dheeraj/ros2_ws/src/my_beginner_tutorials/build/my_beginner_tutorials/CMakeFiles/my_beginner_tutorials__rosidl_typesupport_fastrtps_c.dir/DependInfo.cmake --color=
gmake[2]: Entering directory '/home/dheeraj/ros2_ws/src/my_beginner_tutorials/build/my_beginner_tutorials'
cd /home/dheeraj/ros2_ws/src/my_beginner_tutorials/build/my_beginner_tutorials && /usr/bin/cmake -E cmake_depends "Unix Makefiles" /home/dheeraj/ros2_ws/src/my_beginner_tutorials /home/dheeraj/ros2_ws/src/my_beginner_tutorials /home/dheeraj/ros2_ws/src/my_beginner_tutorials/build/my_beginner_tutorials /home/dheeraj/ros2_ws/src/my_beginner_tutorials/build/my_beginner_tutorials /home/dheeraj/ros2_ws/src/my_beginner_tutorials/build/my_beginner_tutorials/CMakeFiles/my_beginner_tutorials__rosidl_typesupport_introspection_cpp.dir/DependInfo.cmake --color=
/usr/bin/gmake  -f CMakeFiles/my_beginner_tutorials__rosidl_typesupport_introspection_c.dir/build.make CMakeFiles/my_beginner_tutorials__rosidl_typesupport_introspection_c.dir/depend
/usr/bin/gmake  -f CMakeFiles/my_beginner_tutorials__rosidl_typesupport_c.dir/build.make CMakeFiles/my_beginner_tutorials__rosidl_typesupport_c.dir/depend
gmake[2]: Entering directory '/home/dheeraj/ros2_ws/src/my_beginner_tutorials/build/my_beginner_tutorials'
cd /home/dheeraj/ros2_ws/src/my_beginner_tutorials/build/my_beginner_tutorials && /usr/bin/cmake -E cmake_depends "Unix Makefiles" /home/dheeraj/ros2_ws/src/my_beginner_tutorials /home/dheeraj/ros2_ws/src/my_beginner_tutorials /home/dheeraj/ros2_ws/src/my_beginner_tutorials/build/my_beginner_tutorials /home/dheeraj/ros2_ws/src/my_beginner_tutorials/build/my_beginner_tutorials /home/dheeraj/ros2_ws/src/my_beginner_tutorials/build/my_beginner_tutorials/CMakeFiles/my_beginner_tutorials__rosidl_typesupport_fastrtps_cpp.dir/DependInfo.cmake --color=
gmake[2]: Entering directory '/home/dheeraj/ros2_ws/src/my_beginner_tutorials/build/my_beginner_tutorials'
cd /home/dheeraj/ros2_ws/src/my_beginner_tutorials/build/my_beginner_tutorials && /usr/bin/cmake -E cmake_depends "Unix Makefiles" /home/dheeraj/ros2_ws/src/my_beginner_tutorials /home/dheeraj/ros2_ws/src/my_beginner_tutorials /home/dheeraj/ros2_ws/src/my_beginner_tutorials/build/my_beginner_tutorials /home/dheeraj/ros2_ws/src/my_beginner_tutorials/build/my_beginner_tutorials /home/dheeraj/ros2_ws/src/my_beginner_tutorials/build/my_beginner_tutorials/CMakeFiles/my_beginner_tutorials__rosidl_typesupport_c.dir/DependInfo.cmake --color=
gmake[2]: Entering directory '/home/dheeraj/ros2_ws/src/my_beginner_tutorials/build/my_beginner_tutorials'
cd /home/dheeraj/ros2_ws/src/my_beginner_tutorials/build/my_beginner_tutorials && /usr/bin/cmake -E cmake_depends "Unix Makefiles" /home/dheeraj/ros2_ws/src/my_beginner_tutorials /home/dheeraj/ros2_ws/src/my_beginner_tutorials /home/dheeraj/ros2_ws/src/my_beginner_tutorials/build/my_beginner_tutorials /home/dheeraj/ros2_ws/src/my_beginner_tutorials/build/my_beginner_tutorials /home/dheeraj/ros2_ws/src/my_beginner_tutorials/build/my_beginner_tutorials/CMakeFiles/my_beginner_tutorials__rosidl_typesupport_introspection_c.dir/DependInfo.cmake --color=
[ 11%] Built target ament_cmake_python_copy_my_beginner_tutorials
/usr/bin/gmake  -f CMakeFiles/ament_cmake_python_build_my_beginner_tutorials_egg.dir/build.make CMakeFiles/ament_cmake_python_build_my_beginner_tutorials_egg.dir/depend
Dependencies file "CMakeFiles/my_beginner_tutorials__rosidl_typesupport_introspection_cpp.dir/rosidl_typesupport_introspection_cpp/my_beginner_tutorials/srv/detail/change_string__type_support.cpp.o.d" is newer than depends file "/home/dheeraj/ros2_ws/src/my_beginner_tutorials/build/my_beginner_tutorials/CMakeFiles/my_beginner_tutorials__rosidl_typesupport_introspection_cpp.dir/compiler_depend.internal".
[35m[1mConsolidate compiler generated dependencies of target my_beginner_tutorials__rosidl_typesupport_introspection_cpp[0m
gmake[2]: Entering directory '/home/dheeraj/ros2_ws/src/my_beginner_tutorials/build/my_beginner_tutorials'
cd /home/dheeraj/ros2_ws/src/my_beginner_tutorials/build/my_beginner_tutorials && /usr/bin/cmake -E cmake_depends "Unix Makefiles" /home/dheeraj/ros2_ws/src/my_beginner_tutorials /home/dheeraj/ros2_ws/src/my_beginner_tutorials /home/dheeraj/ros2_ws/src/my_beginner_tutorials/build/my_beginner_tutorials /home/dheeraj/ros2_ws/src/my_beginner_tutorials/build/my_beginner_tutorials /home/dheeraj/ros2_ws/src/my_beginner_tutorials/build/my_beginner_tutorials/CMakeFiles/ament_cmake_python_build_my_beginner_tutorials_egg.dir/DependInfo.cmake --color=
[ 17%] Built target subscriber_node
Dependencies file "CMakeFiles/my_beginner_tutorials__rosidl_typesupport_cpp.dir/rosidl_typesupport_cpp/my_beginner_tutorials/srv/change_string__type_support.cpp.o.d" is newer than depends file "/home/dheeraj/ros2_ws/src/my_beginner_tutorials/build/my_beginner_tutorials/CMakeFiles/my_beginner_tutorials__rosidl_typesupport_cpp.dir/compiler_depend.internal".
[35m[1mConsolidate compiler generated dependencies of target my_beginner_tutorials__rosidl_typesupport_cpp[0m
Dependencies file "CMakeFiles/my_beginner_tutorials__rosidl_typesupport_fastrtps_cpp.dir/rosidl_typesupport_fastrtps_cpp/my_beginner_tutorials/srv/detail/dds_fastrtps/change_string__type_support.cpp.o.d" is newer than depends file "/home/dheeraj/ros2_ws/src/my_beginner_tutorials/build/my_beginner_tutorials/CMakeFiles/my_beginner_tutorials__rosidl_typesupport_fastrtps_cpp.dir/compiler_depend.internal".
[35m[1mConsolidate compiler generated dependencies of target my_beginner_tutorials__rosidl_typesupport_fastrtps_cpp[0m
gmake[2]: Leaving directory '/home/dheeraj/ros2_ws/src/my_beginner_tutorials/build/my_beginner_tutorials'
/usr/bin/gmake  -f CMakeFiles/my_beginner_tutorials__rosidl_typesupport_introspection_cpp.dir/build.make CMakeFiles/my_beginner_tutorials__rosidl_typesupport_introspection_cpp.dir/build
Dependencies file "CMakeFiles/my_beginner_tutorials__rosidl_typesupport_fastrtps_c.dir/rosidl_typesupport_fastrtps_c/my_beginner_tutorials/srv/detail/change_string__type_support_c.cpp.o.d" is newer than depends file "/home/dheeraj/ros2_ws/src/my_beginner_tutorials/build/my_beginner_tutorials/CMakeFiles/my_beginner_tutorials__rosidl_typesupport_fastrtps_c.dir/compiler_depend.internal".
[35m[1mConsolidate compiler generated dependencies of target my_beginner_tutorials__rosidl_typesupport_fastrtps_c[0m
gmake[2]: Leaving directory '/home/dheeraj/ros2_ws/src/my_beginner_tutorials/build/my_beginner_tutorials'
/usr/bin/gmake  -f CMakeFiles/my_beginner_tutorials__rosidl_typesupport_fastrtps_cpp.dir/build.make CMakeFiles/my_beginner_tutorials__rosidl_typesupport_fastrtps_cpp.dir/build
gmake[2]: Leaving directory '/home/dheeraj/ros2_ws/src/my_beginner_tutorials/build/my_beginner_tutorials'
/usr/bin/gmake  -f CMakeFiles/my_beginner_tutorials__rosidl_typesupport_cpp.dir/build.make CMakeFiles/my_beginner_tutorials__rosidl_typesupport_cpp.dir/build
Dependencies file "CMakeFiles/my_beginner_tutorials__rosidl_typesupport_c.dir/rosidl_typesupport_c/my_beginner_tutorials/srv/change_string__type_support.cpp.o.d" is newer than depends file "/home/dheeraj/ros2_ws/src/my_beginner_tutorials/build/my_beginner_tutorials/CMakeFiles/my_beginner_tutorials__rosidl_typesupport_c.dir/compiler_depend.internal".
[35m[1mConsolidate compiler generated dependencies of target my_beginner_tutorials__rosidl_typesupport_c[0m
gmake[2]: Leaving directory '/home/dheeraj/ros2_ws/src/my_beginner_tutorials/build/my_beginner_tutorials'
/usr/bin/gmake  -f CMakeFiles/my_beginner_tutorials__rosidl_typesupport_fastrtps_c.dir/build.make CMakeFiles/my_beginner_tutorials__rosidl_typesupport_fastrtps_c.dir/build
gmake[2]: Leaving directory '/home/dheeraj/ros2_ws/src/my_beginner_tutorials/build/my_beginner_tutorials'
/usr/bin/gmake  -f CMakeFiles/my_beginner_tutorials__rosidl_typesupport_c.dir/build.make CMakeFiles/my_beginner_tutorials__rosidl_typesupport_c.dir/build
Dependencies file "CMakeFiles/my_beginner_tutorials__rosidl_typesupport_introspection_c.dir/rosidl_typesupport_introspection_c/my_beginner_tutorials/srv/detail/change_string__type_support.c.o.d" is newer than depends file "/home/dheeraj/ros2_ws/src/my_beginner_tutorials/build/my_beginner_tutorials/CMakeFiles/my_beginner_tutorials__rosidl_typesupport_introspection_c.dir/compiler_depend.internal".
gmake[2]: Entering directory '/home/dheeraj/ros2_ws/src/my_beginner_tutorials/build/my_beginner_tutorials'
gmake[2]: Nothing to be done for 'CMakeFiles/my_beginner_tutorials__rosidl_typesupport_fastrtps_cpp.dir/build'.
gmake[2]: Leaving directory '/home/dheeraj/ros2_ws/src/my_beginner_tutorials/build/my_beginner_tutorials'
gmake[2]: Entering directory '/home/dheeraj/ros2_ws/src/my_beginner_tutorials/build/my_beginner_tutorials'
gmake[2]: Nothing to be done for 'CMakeFiles/my_beginner_tutorials__rosidl_typesupport_introspection_cpp.dir/build'.
gmake[2]: Leaving directory '/home/dheeraj/ros2_ws/src/my_beginner_tutorials/build/my_beginner_tutorials'
[35m[1mConsolidate compiler generated dependencies of target my_beginner_tutorials__rosidl_typesupport_introspection_c[0m
gmake[2]: Entering directory '/home/dheeraj/ros2_ws/src/my_beginner_tutorials/build/my_beginner_tutorials'
gmake[2]: Leaving directory '/home/dheeraj/ros2_ws/src/my_beginner_tutorials/build/my_beginner_tutorials'
gmake[2]: Leaving directory '/home/dheeraj/ros2_ws/src/my_beginner_tutorials/build/my_beginner_tutorials'
gmake[2]: Nothing to be done for 'CMakeFiles/my_beginner_tutorials__rosidl_typesupport_cpp.dir/build'.
gmake[2]: Leaving directory '/home/dheeraj/ros2_ws/src/my_beginner_tutorials/build/my_beginner_tutorials'
/usr/bin/gmake  -f CMakeFiles/my_beginner_tutorials__rosidl_typesupport_introspection_c.dir/build.make CMakeFiles/my_beginner_tutorials__rosidl_typesupport_introspection_c.dir/build
/usr/bin/gmake  -f CMakeFiles/ament_cmake_python_build_my_beginner_tutorials_egg.dir/build.make CMakeFiles/ament_cmake_python_build_my_beginner_tutorials_egg.dir/build
gmake[2]: Entering directory '/home/dheeraj/ros2_ws/src/my_beginner_tutorials/build/my_beginner_tutorials'
gmake[2]: Nothing to be done for 'CMakeFiles/my_beginner_tutorials__rosidl_typesupport_c.dir/build'.
gmake[2]: Leaving directory '/home/dheeraj/ros2_ws/src/my_beginner_tutorials/build/my_beginner_tutorials'
gmake[2]: Entering directory '/home/dheeraj/ros2_ws/src/my_beginner_tutorials/build/my_beginner_tutorials'
gmake[2]: Nothing to be done for 'CMakeFiles/my_beginner_tutorials__rosidl_typesupport_fastrtps_c.dir/build'.
gmake[2]: Leaving directory '/home/dheeraj/ros2_ws/src/my_beginner_tutorials/build/my_beginner_tutorials'
gmake[2]: Entering directory '/home/dheeraj/ros2_ws/src/my_beginner_tutorials/build/my_beginner_tutorials'
cd /home/dheeraj/ros2_ws/src/my_beginner_tutorials/build/my_beginner_tutorials/ament_cmake_python/my_beginner_tutorials && /usr/bin/python3 setup.py egg_info
gmake[2]: Entering directory '/home/dheeraj/ros2_ws/src/my_beginner_tutorials/build/my_beginner_tutorials'
gmake[2]: Nothing to be done for 'CMakeFiles/my_beginner_tutorials__rosidl_typesupport_introspection_c.dir/build'.
gmake[2]: Leaving directory '/home/dheeraj/ros2_ws/src/my_beginner_tutorials/build/my_beginner_tutorials'
[ 25%] Built target my_beginner_tutorials__rosidl_typesupport_fastrtps_cpp
[ 34%] Built target my_beginner_tutorials__rosidl_typesupport_introspection_cpp
[ 42%] Built target my_beginner_tutorials__rosidl_typesupport_c
[ 51%] Built target my_beginner_tutorials__rosidl_typesupport_cpp
[ 60%] Built target my_beginner_tutorials__rosidl_typesupport_fastrtps_c
/usr/bin/gmake  -f CMakeFiles/publisher_node.dir/build.make CMakeFiles/publisher_node.dir/depend
[ 68%] Built target my_beginner_tutorials__rosidl_typesupport_introspection_c
gmake[2]: Entering directory '/home/dheeraj/ros2_ws/src/my_beginner_tutorials/build/my_beginner_tutorials'
cd /home/dheeraj/ros2_ws/src/my_beginner_tutorials/build/my_beginner_tutorials && /usr/bin/cmake -E cmake_depends "Unix Makefiles" /home/dheeraj/ros2_ws/src/my_beginner_tutorials /home/dheeraj/ros2_ws/src/my_beginner_tutorials /home/dheeraj/ros2_ws/src/my_beginner_tutorials/build/my_beginner_tutorials /home/dheeraj/ros2_ws/src/my_beginner_tutorials/build/my_beginner_tutorials /home/dheeraj/ros2_ws/src/my_beginner_tutorials/build/my_beginner_tutorials/CMakeFiles/publisher_node.dir/DependInfo.cmake --color=
/usr/bin/gmake  -f CMakeFiles/my_beginner_tutorials.dir/build.make CMakeFiles/my_beginner_tutorials.dir/depend
gmake[2]: Entering directory '/home/dheeraj/ros2_ws/src/my_beginner_tutorials/build/my_beginner_tutorials'
cd /home/dheeraj/ros2_ws/src/my_beginner_tutorials/build/my_beginner_tutorials && /usr/bin/cmake -E cmake_depends "Unix Makefiles" /home/dheeraj/ros2_ws/src/my_beginner_tutorials /home/dheeraj/ros2_ws/src/my_beginner_tutorials /home/dheeraj/ros2_ws/src/my_beginner_tutorials/build/my_beginner_tutorials /home/dheeraj/ros2_ws/src/my_beginner_tutorials/build/my_beginner_tutorials /home/dheeraj/ros2_ws/src/my_beginner_tutorials/build/my_beginner_tutorials/CMakeFiles/my_beginner_tutorials.dir/DependInfo.cmake --color=
Dependencies file "CMakeFiles/publisher_node.dir/src/publisher_node.cpp.o.d" is newer than depends file "/home/dheeraj/ros2_ws/src/my_beginner_tutorials/build/my_beginner_tutorials/CMakeFiles/publisher_node.dir/compiler_depend.internal".
[35m[1mConsolidate compiler generated dependencies of target publisher_node[0m
gmake[2]: Leaving directory '/home/dheeraj/ros2_ws/src/my_beginner_tutorials/build/my_beginner_tutorials'
/usr/bin/gmake  -f CMakeFiles/my_beginner_tutorials.dir/build.make CMakeFiles/my_beginner_tutorials.dir/build
gmake[2]: Entering directory '/home/dheeraj/ros2_ws/src/my_beginner_tutorials/build/my_beginner_tutorials'
gmake[2]: Nothing to be done for 'CMakeFiles/my_beginner_tutorials.dir/build'.
gmake[2]: Leaving directory '/home/dheeraj/ros2_ws/src/my_beginner_tutorials/build/my_beginner_tutorials'
gmake[2]: Leaving directory '/home/dheeraj/ros2_ws/src/my_beginner_tutorials/build/my_beginner_tutorials'
/usr/bin/gmake  -f CMakeFiles/publisher_node.dir/build.make CMakeFiles/publisher_node.dir/build
gmake[2]: Entering directory '/home/dheeraj/ros2_ws/src/my_beginner_tutorials/build/my_beginner_tutorials'
[ 68%] Built target my_beginner_tutorials
/usr/bin/gmake  -f my_beginner_tutorials__py/CMakeFiles/my_beginner_tutorials__py.dir/build.make my_beginner_tutorials__py/CMakeFiles/my_beginner_tutorials__py.dir/depend
gmake[2]: Entering directory '/home/dheeraj/ros2_ws/src/my_beginner_tutorials/build/my_beginner_tutorials'
cd /home/dheeraj/ros2_ws/src/my_beginner_tutorials/build/my_beginner_tutorials && /usr/bin/cmake -E cmake_depends "Unix Makefiles" /home/dheeraj/ros2_ws/src/my_beginner_tutorials /home/dheeraj/ros2_ws/src/my_beginner_tutorials/build/my_beginner_tutorials/my_beginner_tutorials__py /home/dheeraj/ros2_ws/src/my_beginner_tutorials/build/my_beginner_tutorials /home/dheeraj/ros2_ws/src/my_beginner_tutorials/build/my_beginner_tutorials/my_beginner_tutorials__py /home/dheeraj/ros2_ws/src/my_beginner_tutorials/build/my_beginner_tutorials/my_beginner_tutorials__py/CMakeFiles/my_beginner_tutorials__py.dir/DependInfo.cmake --color=
[ 71%] [32mBuilding CXX object CMakeFiles/publisher_node.dir/src/publisher_node.cpp.o[0m
/usr/bin/c++ -DDEFAULT_RMW_IMPLEMENTATION=rmw_fastrtps_cpp -DRCUTILS_ENABLE_FAULT_INJECTION -DROS_PACKAGE_NAME=\"my_beginner_tutorials\" -I/home/dheeraj/ros2_ws/src/my_beginner_tutorials/build/my_beginner_tutorials/rosidl_generator_cpp -isystem /opt/ros/humble/include/rclcpp -isystem /opt/ros/humble/include/std_msgs -isystem /opt/ros/humble/include/ament_index_cpp -isystem /opt/ros/humble/include/libstatistics_collector -isystem /opt/ros/humble/include/builtin_interfaces -isystem /opt/ros/humble/include/rosidl_runtime_c -isystem /opt/ros/humble/include/rcutils -isystem /opt/ros/humble/include/rosidl_typesupport_interface -isystem /opt/ros/humble/include/fastcdr -isystem /opt/ros/humble/include/rosidl_runtime_cpp -isystem /opt/ros/humble/include/rosidl_typesupport_fastrtps_cpp -isystem /opt/ros/humble/include/rmw -isystem /opt/ros/humble/include/rosidl_typesupport_fastrtps_c -isystem /opt/ros/humble/include/rosidl_typesupport_introspection_c -isystem /opt/ros/humble/include/rosidl_typesupport_introspection_cpp -isystem /opt/ros/humble/include/rcl -isystem /opt/ros/humble/include/rcl_interfaces -isystem /opt/ros/humble/include/rcl_logging_interface -isystem /opt/ros/humble/include/rcl_yaml_param_parser -isystem /opt/ros/humble/include/libyaml_vendor -isystem /opt/ros/humble/include/tracetools -isystem /opt/ros/humble/include/rcpputils -isystem /opt/ros/humble/include/statistics_msgs -isystem /opt/ros/humble/include/rosgraph_msgs -isystem /opt/ros/humble/include/rosidl_typesupport_cpp -isystem /opt/ros/humble/include/rosidl_typesupport_c -Wall -Wextra -Wpedantic -std=gnu++17 -MD -MT CMakeFiles/publisher_node.dir/src/publisher_node.cpp.o -MF CMakeFiles/publisher_node.dir/src/publisher_node.cpp.o.d -o CMakeFiles/publisher_node.dir/src/publisher_node.cpp.o -c /home/dheeraj/ros2_ws/src/my_beginner_tutorials/src/publisher_node.cpp
gmake[2]: Leaving directory '/home/dheeraj/ros2_ws/src/my_beginner_tutorials/build/my_beginner_tutorials'
/usr/bin/gmake  -f my_beginner_tutorials__py/CMakeFiles/my_beginner_tutorials__py.dir/build.make my_beginner_tutorials__py/CMakeFiles/my_beginner_tutorials__py.dir/build
gmake[2]: Entering directory '/home/dheeraj/ros2_ws/src/my_beginner_tutorials/build/my_beginner_tutorials'
gmake[2]: Nothing to be done for 'my_beginner_tutorials__py/CMakeFiles/my_beginner_tutorials__py.dir/build'.
gmake[2]: Leaving directory '/home/dheeraj/ros2_ws/src/my_beginner_tutorials/build/my_beginner_tutorials'
[ 74%] Built target my_beginner_tutorials__py
/usr/bin/gmake  -f CMakeFiles/my_beginner_tutorials__rosidl_generator_py.dir/build.make CMakeFiles/my_beginner_tutorials__rosidl_generator_py.dir/depend
gmake[2]: Entering directory '/home/dheeraj/ros2_ws/src/my_beginner_tutorials/build/my_beginner_tutorials'
cd /home/dheeraj/ros2_ws/src/my_beginner_tutorials/build/my_beginner_tutorials && /usr/bin/cmake -E cmake_depends "Unix Makefiles" /home/dheeraj/ros2_ws/src/my_beginner_tutorials /home/dheeraj/ros2_ws/src/my_beginner_tutorials /home/dheeraj/ros2_ws/src/my_beginner_tutorials/build/my_beginner_tutorials /home/dheeraj/ros2_ws/src/my_beginner_tutorials/build/my_beginner_tutorials /home/dheeraj/ros2_ws/src/my_beginner_tutorials/build/my_beginner_tutorials/CMakeFiles/my_beginner_tutorials__rosidl_generator_py.dir/DependInfo.cmake --color=
Dependencies file "CMakeFiles/my_beginner_tutorials__rosidl_generator_py.dir/rosidl_generator_py/my_beginner_tutorials/srv/_change_string_s.c.o.d" is newer than depends file "/home/dheeraj/ros2_ws/src/my_beginner_tutorials/build/my_beginner_tutorials/CMakeFiles/my_beginner_tutorials__rosidl_generator_py.dir/compiler_depend.internal".
[35m[1mConsolidate compiler generated dependencies of target my_beginner_tutorials__rosidl_generator_py[0m
gmake[2]: Leaving directory '/home/dheeraj/ros2_ws/src/my_beginner_tutorials/build/my_beginner_tutorials'
/usr/bin/gmake  -f CMakeFiles/my_beginner_tutorials__rosidl_generator_py.dir/build.make CMakeFiles/my_beginner_tutorials__rosidl_generator_py.dir/build
gmake[2]: Entering directory '/home/dheeraj/ros2_ws/src/my_beginner_tutorials/build/my_beginner_tutorials'
gmake[2]: Nothing to be done for 'CMakeFiles/my_beginner_tutorials__rosidl_generator_py.dir/build'.
gmake[2]: Leaving directory '/home/dheeraj/ros2_ws/src/my_beginner_tutorials/build/my_beginner_tutorials'
[ 80%] Built target my_beginner_tutorials__rosidl_generator_py
/usr/bin/gmake  -f CMakeFiles/my_beginner_tutorials__rosidl_typesupport_fastrtps_c__pyext.dir/build.make CMakeFiles/my_beginner_tutorials__rosidl_typesupport_fastrtps_c__pyext.dir/depend
/usr/bin/gmake  -f CMakeFiles/my_beginner_tutorials__rosidl_typesupport_introspection_c__pyext.dir/build.make CMakeFiles/my_beginner_tutorials__rosidl_typesupport_introspection_c__pyext.dir/depend
/usr/bin/gmake  -f CMakeFiles/my_beginner_tutorials__rosidl_typesupport_c__pyext.dir/build.make CMakeFiles/my_beginner_tutorials__rosidl_typesupport_c__pyext.dir/depend
gmake[2]: Entering directory '/home/dheeraj/ros2_ws/src/my_beginner_tutorials/build/my_beginner_tutorials'
cd /home/dheeraj/ros2_ws/src/my_beginner_tutorials/build/my_beginner_tutorials && /usr/bin/cmake -E cmake_depends "Unix Makefiles" /home/dheeraj/ros2_ws/src/my_beginner_tutorials /home/dheeraj/ros2_ws/src/my_beginner_tutorials /home/dheeraj/ros2_ws/src/my_beginner_tutorials/build/my_beginner_tutorials /home/dheeraj/ros2_ws/src/my_beginner_tutorials/build/my_beginner_tutorials /home/dheeraj/ros2_ws/src/my_beginner_tutorials/build/my_beginner_tutorials/CMakeFiles/my_beginner_tutorials__rosidl_typesupport_fastrtps_c__pyext.dir/DependInfo.cmake --color=
gmake[2]: Entering directory '/home/dheeraj/ros2_ws/src/my_beginner_tutorials/build/my_beginner_tutorials'
cd /home/dheeraj/ros2_ws/src/my_beginner_tutorials/build/my_beginner_tutorials && /usr/bin/cmake -E cmake_depends "Unix Makefiles" /home/dheeraj/ros2_ws/src/my_beginner_tutorials /home/dheeraj/ros2_ws/src/my_beginner_tutorials /home/dheeraj/ros2_ws/src/my_beginner_tutorials/build/my_beginner_tutorials /home/dheeraj/ros2_ws/src/my_beginner_tutorials/build/my_beginner_tutorials /home/dheeraj/ros2_ws/src/my_beginner_tutorials/build/my_beginner_tutorials/CMakeFiles/my_beginner_tutorials__rosidl_typesupport_introspection_c__pyext.dir/DependInfo.cmake --color=
gmake[2]: Entering directory '/home/dheeraj/ros2_ws/src/my_beginner_tutorials/build/my_beginner_tutorials'
cd /home/dheeraj/ros2_ws/src/my_beginner_tutorials/build/my_beginner_tutorials && /usr/bin/cmake -E cmake_depends "Unix Makefiles" /home/dheeraj/ros2_ws/src/my_beginner_tutorials /home/dheeraj/ros2_ws/src/my_beginner_tutorials /home/dheeraj/ros2_ws/src/my_beginner_tutorials/build/my_beginner_tutorials /home/dheeraj/ros2_ws/src/my_beginner_tutorials/build/my_beginner_tutorials /home/dheeraj/ros2_ws/src/my_beginner_tutorials/build/my_beginner_tutorials/CMakeFiles/my_beginner_tutorials__rosidl_typesupport_c__pyext.dir/DependInfo.cmake --color=
Dependencies file "CMakeFiles/my_beginner_tutorials__rosidl_typesupport_introspection_c__pyext.dir/rosidl_generator_py/my_beginner_tutorials/_my_beginner_tutorials_s.ep.rosidl_typesupport_introspection_c.c.o.d" is newer than depends file "/home/dheeraj/ros2_ws/src/my_beginner_tutorials/build/my_beginner_tutorials/CMakeFiles/my_beginner_tutorials__rosidl_typesupport_introspection_c__pyext.dir/compiler_depend.internal".
Dependencies file "CMakeFiles/my_beginner_tutorials__rosidl_typesupport_fastrtps_c__pyext.dir/rosidl_generator_py/my_beginner_tutorials/_my_beginner_tutorials_s.ep.rosidl_typesupport_fastrtps_c.c.o.d" is newer than depends file "/home/dheeraj/ros2_ws/src/my_beginner_tutorials/build/my_beginner_tutorials/CMakeFiles/my_beginner_tutorials__rosidl_typesupport_fastrtps_c__pyext.dir/compiler_depend.internal".
[35m[1mConsolidate compiler generated dependencies of target my_beginner_tutorials__rosidl_typesupport_introspection_c__pyext[0m
[35m[1mConsolidate compiler generated dependencies of target my_beginner_tutorials__rosidl_typesupport_fastrtps_c__pyext[0m
Dependencies file "CMakeFiles/my_beginner_tutorials__rosidl_typesupport_c__pyext.dir/rosidl_generator_py/my_beginner_tutorials/_my_beginner_tutorials_s.ep.rosidl_typesupport_c.c.o.d" is newer than depends file "/home/dheeraj/ros2_ws/src/my_beginner_tutorials/build/my_beginner_tutorials/CMakeFiles/my_beginner_tutorials__rosidl_typesupport_c__pyext.dir/compiler_depend.internal".
[35m[1mConsolidate compiler generated dependencies of target my_beginner_tutorials__rosidl_typesupport_c__pyext[0m
gmake[2]: Leaving directory '/home/dheeraj/ros2_ws/src/my_beginner_tutorials/build/my_beginner_tutorials'
gmake[2]: Leaving directory '/home/dheeraj/ros2_ws/src/my_beginner_tutorials/build/my_beginner_tutorials'
/usr/bin/gmake  -f CMakeFiles/my_beginner_tutorials__rosidl_typesupport_fastrtps_c__pyext.dir/build.make CMakeFiles/my_beginner_tutorials__rosidl_typesupport_fastrtps_c__pyext.dir/build
/usr/bin/gmake  -f CMakeFiles/my_beginner_tutorials__rosidl_typesupport_introspection_c__pyext.dir/build.make CMakeFiles/my_beginner_tutorials__rosidl_typesupport_introspection_c__pyext.dir/build
gmake[2]: Leaving directory '/home/dheeraj/ros2_ws/src/my_beginner_tutorials/build/my_beginner_tutorials'
/usr/bin/gmake  -f CMakeFiles/my_beginner_tutorials__rosidl_typesupport_c__pyext.dir/build.make CMakeFiles/my_beginner_tutorials__rosidl_typesupport_c__pyext.dir/build
gmake[2]: Entering directory '/home/dheeraj/ros2_ws/src/my_beginner_tutorials/build/my_beginner_tutorials'
gmake[2]: Nothing to be done for 'CMakeFiles/my_beginner_tutorials__rosidl_typesupport_fastrtps_c__pyext.dir/build'.
gmake[2]: Leaving directory '/home/dheeraj/ros2_ws/src/my_beginner_tutorials/build/my_beginner_tutorials'
gmake[2]: Entering directory '/home/dheeraj/ros2_ws/src/my_beginner_tutorials/build/my_beginner_tutorials'
gmake[2]: Nothing to be done for 'CMakeFiles/my_beginner_tutorials__rosidl_typesupport_introspection_c__pyext.dir/build'.
gmake[2]: Leaving directory '/home/dheeraj/ros2_ws/src/my_beginner_tutorials/build/my_beginner_tutorials'
gmake[2]: Entering directory '/home/dheeraj/ros2_ws/src/my_beginner_tutorials/build/my_beginner_tutorials'
gmake[2]: Nothing to be done for 'CMakeFiles/my_beginner_tutorials__rosidl_typesupport_c__pyext.dir/build'.
gmake[2]: Leaving directory '/home/dheeraj/ros2_ws/src/my_beginner_tutorials/build/my_beginner_tutorials'
[ 85%] Built target my_beginner_tutorials__rosidl_typesupport_fastrtps_c__pyext
[ 91%] Built target my_beginner_tutorials__rosidl_typesupport_introspection_c__pyext
[ 97%] Built target my_beginner_tutorials__rosidl_typesupport_c__pyext
running egg_info
writing my_beginner_tutorials.egg-info/PKG-INFO
writing dependency_links to my_beginner_tutorials.egg-info/dependency_links.txt
writing top-level names to my_beginner_tutorials.egg-info/top_level.txt
reading manifest file 'my_beginner_tutorials.egg-info/SOURCES.txt'
writing manifest file 'my_beginner_tutorials.egg-info/SOURCES.txt'
gmake[2]: Leaving directory '/home/dheeraj/ros2_ws/src/my_beginner_tutorials/build/my_beginner_tutorials'
[ 97%] Built target ament_cmake_python_build_my_beginner_tutorials_egg
gmake[2]: Leaving directory '/home/dheeraj/ros2_ws/src/my_beginner_tutorials/build/my_beginner_tutorials'
gmake[1]: Leaving directory '/home/dheeraj/ros2_ws/src/my_beginner_tutorials/build/my_beginner_tutorials'
