[0.012s] Invoking command in '/home/dheeraj/ros2_ws/src/my_beginner_tutorials/build/my_beginner_tutorials': CMAKE_PREFIX_PATH=/opt/ros/humble /usr/bin/cmake /home/dheeraj/ros2_ws/src/my_beginner_tutorials -DCMAKE_INSTALL_PREFIX=/home/dheeraj/ros2_ws/src/my_beginner_tutorials/install/my_beginner_tutorials
[0.026s] -- Found ament_cmake: 1.3.11 (/opt/ros/humble/share/ament_cmake/cmake)
[0.155s] -- Found rosidl_default_generators: 1.2.0 (/opt/ros/humble/share/rosidl_default_generators/cmake)
[0.156s] -- Using all available rosidl_typesupport_c: rosidl_typesupport_fastrtps_c;rosidl_typesupport_introspection_c
[0.159s] -- Found rosidl_adapter: 3.1.6 (/opt/ros/humble/share/rosidl_adapter/cmake)
[0.190s] -- Using all available rosidl_typesupport_cpp: rosidl_typesupport_fastrtps_cpp;rosidl_typesupport_introspection_cpp
[0.218s] -- Found rclcpp: 16.0.11 (/opt/ros/humble/share/rclcpp/cmake)
[0.258s] -- Found rmw_implementation_cmake: 6.1.2 (/opt/ros/humble/share/rmw_implementation_cmake/cmake)
[0.259s] -- Found rmw_fastrtps_cpp: 6.2.7 (/opt/ros/humble/share/rmw_fastrtps_cpp/cmake)
[0.372s] -- Using RMW implementation 'rmw_fastrtps_cpp' as default
[0.424s] -- Found tf2: 0.25.9 (/opt/ros/humble/share/tf2/cmake)
[0.441s] -- Found tf2_ros: 0.25.9 (/opt/ros/humble/share/tf2_ros/cmake)
[0.884s] -- Found ament_cmake_ros: 0.10.0 (/opt/ros/humble/share/ament_cmake_ros/cmake)
[1.099s] -- Using all available rosidl_typesupport_c: rosidl_typesupport_fastrtps_c;rosidl_typesupport_introspection_c
[1.382s] -- Using all available rosidl_typesupport_cpp: rosidl_typesupport_fastrtps_cpp;rosidl_typesupport_introspection_cpp
[1.404s] -- Found python_cmake_module: 0.10.0 (/opt/ros/humble/share/python_cmake_module/cmake)
[1.426s] -- Using PYTHON_EXECUTABLE: /usr/bin/python3
[1.426s] -- Using PYTHON_INCLUDE_DIRS: /usr/include/python3.10
[1.426s] -- Using PYTHON_LIBRARIES: /usr/lib/x86_64-linux-gnu/libpython3.10.so
[1.457s] -- Found ament_lint_auto: 0.12.11 (/opt/ros/humble/share/ament_lint_auto/cmake)
[1.534s] -- Added test 'cppcheck' to perform static code analysis on C / C++ code
[1.535s] -- Configured cppcheck include dirs: $<BUILD_INTERFACE:/home/dheeraj/ros2_ws/src/my_beginner_tutorials/build/my_beginner_tutorials/rosidl_generator_c>;$<BUILD_INTERFACE:/home/dheeraj/ros2_ws/src/my_beginner_tutorials/build/my_beginner_tutorials/rosidl_typesupport_fastrtps_c>;$<BUILD_INTERFACE:/home/dheeraj/ros2_ws/src/my_beginner_tutorials/build/my_beginner_tutorials/rosidl_typesupport_introspection_c>;$<BUILD_INTERFACE:/home/dheeraj/ros2_ws/src/my_beginner_tutorials/build/my_beginner_tutorials/rosidl_generator_cpp>;$<BUILD_INTERFACE:/home/dheeraj/ros2_ws/src/my_beginner_tutorials/build/my_beginner_tutorials/rosidl_typesupport_fastrtps_cpp>;$<BUILD_INTERFACE:/home/dheeraj/ros2_ws/src/my_beginner_tutorials/build/my_beginner_tutorials/rosidl_typesupport_introspection_cpp>;/home/dheeraj/ros2_ws/src/my_beginner_tutorials/build/my_beginner_tutorials/rosidl_generator_c;/home/dheeraj/ros2_ws/src/my_beginner_tutorials/build/my_beginner_tutorials/rosidl_generator_py
[1.535s] -- Configured cppcheck exclude dirs and/or files: 
[1.543s] -- Added test 'flake8' to check Python code syntax and style conventions
[1.561s] -- Added test 'lint_cmake' to check CMake code style
[1.570s] -- Added test 'pep257' to check Python code against some of the docstring style conventions in PEP 257
[1.637s] -- Added test 'uncrustify' to check C / C++ code style
[1.638s] -- Configured uncrustify additional arguments: 
[1.646s] -- Added test 'xmllint' to check XML markup files
[1.648s] -- Configuring done
[1.704s] -- Generating done
[1.721s] -- Build files have been written to: /home/dheeraj/ros2_ws/src/my_beginner_tutorials/build/my_beginner_tutorials
[1.731s] Invoked command in '/home/dheeraj/ros2_ws/src/my_beginner_tutorials/build/my_beginner_tutorials' returned '0': CMAKE_PREFIX_PATH=/opt/ros/humble /usr/bin/cmake /home/dheeraj/ros2_ws/src/my_beginner_tutorials -DCMAKE_INSTALL_PREFIX=/home/dheeraj/ros2_ws/src/my_beginner_tutorials/install/my_beginner_tutorials
[1.734s] Invoking command in '/home/dheeraj/ros2_ws/src/my_beginner_tutorials/build/my_beginner_tutorials': CMAKE_PREFIX_PATH=/opt/ros/humble /usr/bin/cmake --build /home/dheeraj/ros2_ws/src/my_beginner_tutorials/build/my_beginner_tutorials -- -j8 -l8
[1.751s] /usr/bin/cmake -S/home/dheeraj/ros2_ws/src/my_beginner_tutorials -B/home/dheeraj/ros2_ws/src/my_beginner_tutorials/build/my_beginner_tutorials --check-build-system CMakeFiles/Makefile.cmake 0
[1.765s] /usr/bin/cmake -E cmake_progress_start /home/dheeraj/ros2_ws/src/my_beginner_tutorials/build/my_beginner_tutorials/CMakeFiles /home/dheeraj/ros2_ws/src/my_beginner_tutorials/build/my_beginner_tutorials//CMakeFiles/progress.marks
[1.774s] /usr/bin/gmake  -f CMakeFiles/Makefile2 all
[1.776s] gmake[1]: Entering directory '/home/dheeraj/ros2_ws/src/my_beginner_tutorials/build/my_beginner_tutorials'
[1.776s] /usr/bin/gmake  -f CMakeFiles/my_beginner_tutorials__cpp.dir/build.make CMakeFiles/my_beginner_tutorials__cpp.dir/depend
[1.776s] /usr/bin/gmake  -f CMakeFiles/my_beginner_tutorials__rosidl_generator_c.dir/build.make CMakeFiles/my_beginner_tutorials__rosidl_generator_c.dir/depend
[1.776s] /usr/bin/gmake  -f CMakeFiles/ament_cmake_python_copy_my_beginner_tutorials.dir/build.make CMakeFiles/ament_cmake_python_copy_my_beginner_tutorials.dir/depend
[1.776s] /usr/bin/gmake  -f CMakeFiles/subscriber_node.dir/build.make CMakeFiles/subscriber_node.dir/depend
[1.780s] gmake[2]: Entering directory '/home/dheeraj/ros2_ws/src/my_beginner_tutorials/build/my_beginner_tutorials'
[1.781s] cd /home/dheeraj/ros2_ws/src/my_beginner_tutorials/build/my_beginner_tutorials && /usr/bin/cmake -E cmake_depends "Unix Makefiles" /home/dheeraj/ros2_ws/src/my_beginner_tutorials /home/dheeraj/ros2_ws/src/my_beginner_tutorials /home/dheeraj/ros2_ws/src/my_beginner_tutorials/build/my_beginner_tutorials /home/dheeraj/ros2_ws/src/my_beginner_tutorials/build/my_beginner_tutorials /home/dheeraj/ros2_ws/src/my_beginner_tutorials/build/my_beginner_tutorials/CMakeFiles/ament_cmake_python_copy_my_beginner_tutorials.dir/DependInfo.cmake --color=
[1.782s] gmake[2]: Entering directory '/home/dheeraj/ros2_ws/src/my_beginner_tutorials/build/my_beginner_tutorials'
[1.788s] cd /home/dheeraj/ros2_ws/src/my_beginner_tutorials/build/my_beginner_tutorials && /usr/bin/cmake -E cmake_depends "Unix Makefiles" /home/dheeraj/ros2_ws/src/my_beginner_tutorials /home/dheeraj/ros2_ws/src/my_beginner_tutorials /home/dheeraj/ros2_ws/src/my_beginner_tutorials/build/my_beginner_tutorials /home/dheeraj/ros2_ws/src/my_beginner_tutorials/build/my_beginner_tutorials /home/dheeraj/ros2_ws/src/my_beginner_tutorials/build/my_beginner_tutorials/CMakeFiles/my_beginner_tutorials__cpp.dir/DependInfo.cmake --color=
[1.788s] gmake[2]: Entering directory '/home/dheeraj/ros2_ws/src/my_beginner_tutorials/build/my_beginner_tutorials'
[1.788s] cd /home/dheeraj/ros2_ws/src/my_beginner_tutorials/build/my_beginner_tutorials && /usr/bin/cmake -E cmake_depends "Unix Makefiles" /home/dheeraj/ros2_ws/src/my_beginner_tutorials /home/dheeraj/ros2_ws/src/my_beginner_tutorials /home/dheeraj/ros2_ws/src/my_beginner_tutorials/build/my_beginner_tutorials /home/dheeraj/ros2_ws/src/my_beginner_tutorials/build/my_beginner_tutorials /home/dheeraj/ros2_ws/src/my_beginner_tutorials/build/my_beginner_tutorials/CMakeFiles/my_beginner_tutorials__rosidl_generator_c.dir/DependInfo.cmake --color=
[1.788s] gmake[2]: Entering directory '/home/dheeraj/ros2_ws/src/my_beginner_tutorials/build/my_beginner_tutorials'
[1.788s] cd /home/dheeraj/ros2_ws/src/my_beginner_tutorials/build/my_beginner_tutorials && /usr/bin/cmake -E cmake_depends "Unix Makefiles" /home/dheeraj/ros2_ws/src/my_beginner_tutorials /home/dheeraj/ros2_ws/src/my_beginner_tutorials /home/dheeraj/ros2_ws/src/my_beginner_tutorials/build/my_beginner_tutorials /home/dheeraj/ros2_ws/src/my_beginner_tutorials/build/my_beginner_tutorials /home/dheeraj/ros2_ws/src/my_beginner_tutorials/build/my_beginner_tutorials/CMakeFiles/subscriber_node.dir/DependInfo.cmake --color=
[1.820s] Dependencies file "CMakeFiles/my_beginner_tutorials__rosidl_generator_c.dir/rosidl_generator_c/my_beginner_tutorials/srv/detail/change_string__functions.c.o.d" is newer than depends file "/home/dheeraj/ros2_ws/src/my_beginner_tutorials/build/my_beginner_tutorials/CMakeFiles/my_beginner_tutorials__rosidl_generator_c.dir/compiler_depend.internal".
[1.820s] [35m[1mConsolidate compiler generated dependencies of target my_beginner_tutorials__rosidl_generator_c[0m
[1.821s] Dependencies file "CMakeFiles/subscriber_node.dir/src/subscriber_node.cpp.o.d" is newer than depends file "/home/dheeraj/ros2_ws/src/my_beginner_tutorials/build/my_beginner_tutorials/CMakeFiles/subscriber_node.dir/compiler_depend.internal".
[1.821s] gmake[2]: Leaving directory '/home/dheeraj/ros2_ws/src/my_beginner_tutorials/build/my_beginner_tutorials'
[1.822s] /usr/bin/gmake  -f CMakeFiles/my_beginner_tutorials__cpp.dir/build.make CMakeFiles/my_beginner_tutorials__cpp.dir/build
[1.822s] [35m[1mConsolidate compiler generated dependencies of target subscriber_node[0m
[1.822s] gmake[2]: Leaving directory '/home/dheeraj/ros2_ws/src/my_beginner_tutorials/build/my_beginner_tutorials'
[1.822s] /usr/bin/gmake  -f CMakeFiles/ament_cmake_python_copy_my_beginner_tutorials.dir/build.make CMakeFiles/ament_cmake_python_copy_my_beginner_tutorials.dir/build
[1.823s] gmake[2]: Leaving directory '/home/dheeraj/ros2_ws/src/my_beginner_tutorials/build/my_beginner_tutorials'
[1.823s] /usr/bin/gmake  -f CMakeFiles/my_beginner_tutorials__rosidl_generator_c.dir/build.make CMakeFiles/my_beginner_tutorials__rosidl_generator_c.dir/build
[1.824s] gmake[2]: Entering directory '/home/dheeraj/ros2_ws/src/my_beginner_tutorials/build/my_beginner_tutorials'
[1.825s] gmake[2]: Nothing to be done for 'CMakeFiles/my_beginner_tutorials__cpp.dir/build'.
[1.827s] gmake[2]: Leaving directory '/home/dheeraj/ros2_ws/src/my_beginner_tutorials/build/my_beginner_tutorials'
[1.834s] gmake[2]: Entering directory '/home/dheeraj/ros2_ws/src/my_beginner_tutorials/build/my_beginner_tutorials'
[1.834s] /usr/bin/cmake -E copy_directory /home/dheeraj/ros2_ws/src/my_beginner_tutorials/build/my_beginner_tutorials/rosidl_generator_py/my_beginner_tutorials /home/dheeraj/ros2_ws/src/my_beginner_tutorials/build/my_beginner_tutorials/ament_cmake_python/my_beginner_tutorials/my_beginner_tutorials
[1.836s] gmake[2]: Entering directory '/home/dheeraj/ros2_ws/src/my_beginner_tutorials/build/my_beginner_tutorials'
[1.837s] gmake[2]: Nothing to be done for 'CMakeFiles/my_beginner_tutorials__rosidl_generator_c.dir/build'.
[1.837s] gmake[2]: Leaving directory '/home/dheeraj/ros2_ws/src/my_beginner_tutorials/build/my_beginner_tutorials'
[1.839s] gmake[2]: Leaving directory '/home/dheeraj/ros2_ws/src/my_beginner_tutorials/build/my_beginner_tutorials'
[1.840s] /usr/bin/gmake  -f CMakeFiles/subscriber_node.dir/build.make CMakeFiles/subscriber_node.dir/build
[1.855s] [  2%] Built target my_beginner_tutorials__cpp
[1.857s] /usr/bin/gmake  -f CMakeFiles/my_beginner_tutorials__rosidl_typesupport_cpp.dir/build.make CMakeFiles/my_beginner_tutorials__rosidl_typesupport_cpp.dir/depend
[1.857s] gmake[2]: Leaving directory '/home/dheeraj/ros2_ws/src/my_beginner_tutorials/build/my_beginner_tutorials'
[1.857s] [ 11%] Built target my_beginner_tutorials__rosidl_generator_c
[1.858s] /usr/bin/gmake  -f CMakeFiles/my_beginner_tutorials__rosidl_typesupport_fastrtps_cpp.dir/build.make CMakeFiles/my_beginner_tutorials__rosidl_typesupport_fastrtps_cpp.dir/depend
[1.863s] /usr/bin/gmake  -f CMakeFiles/my_beginner_tutorials__rosidl_typesupport_introspection_cpp.dir/build.make CMakeFiles/my_beginner_tutorials__rosidl_typesupport_introspection_cpp.dir/depend
[1.868s] /usr/bin/gmake  -f CMakeFiles/my_beginner_tutorials__rosidl_typesupport_fastrtps_c.dir/build.make CMakeFiles/my_beginner_tutorials__rosidl_typesupport_fastrtps_c.dir/depend
[1.868s] gmake[2]: Entering directory '/home/dheeraj/ros2_ws/src/my_beginner_tutorials/build/my_beginner_tutorials'
[1.868s] gmake[2]: Nothing to be done for 'CMakeFiles/subscriber_node.dir/build'.
[1.869s] gmake[2]: Leaving directory '/home/dheeraj/ros2_ws/src/my_beginner_tutorials/build/my_beginner_tutorials'
[1.869s] gmake[2]: Entering directory '/home/dheeraj/ros2_ws/src/my_beginner_tutorials/build/my_beginner_tutorials'
[1.869s] cd /home/dheeraj/ros2_ws/src/my_beginner_tutorials/build/my_beginner_tutorials && /usr/bin/cmake -E cmake_depends "Unix Makefiles" /home/dheeraj/ros2_ws/src/my_beginner_tutorials /home/dheeraj/ros2_ws/src/my_beginner_tutorials /home/dheeraj/ros2_ws/src/my_beginner_tutorials/build/my_beginner_tutorials /home/dheeraj/ros2_ws/src/my_beginner_tutorials/build/my_beginner_tutorials /home/dheeraj/ros2_ws/src/my_beginner_tutorials/build/my_beginner_tutorials/CMakeFiles/my_beginner_tutorials__rosidl_typesupport_cpp.dir/DependInfo.cmake --color=
[1.872s] gmake[2]: Entering directory '/home/dheeraj/ros2_ws/src/my_beginner_tutorials/build/my_beginner_tutorials'
[1.872s] cd /home/dheeraj/ros2_ws/src/my_beginner_tutorials/build/my_beginner_tutorials && /usr/bin/cmake -E cmake_depends "Unix Makefiles" /home/dheeraj/ros2_ws/src/my_beginner_tutorials /home/dheeraj/ros2_ws/src/my_beginner_tutorials /home/dheeraj/ros2_ws/src/my_beginner_tutorials/build/my_beginner_tutorials /home/dheeraj/ros2_ws/src/my_beginner_tutorials/build/my_beginner_tutorials /home/dheeraj/ros2_ws/src/my_beginner_tutorials/build/my_beginner_tutorials/CMakeFiles/my_beginner_tutorials__rosidl_typesupport_fastrtps_c.dir/DependInfo.cmake --color=
[1.872s] gmake[2]: Entering directory '/home/dheeraj/ros2_ws/src/my_beginner_tutorials/build/my_beginner_tutorials'
[1.872s] cd /home/dheeraj/ros2_ws/src/my_beginner_tutorials/build/my_beginner_tutorials && /usr/bin/cmake -E cmake_depends "Unix Makefiles" /home/dheeraj/ros2_ws/src/my_beginner_tutorials /home/dheeraj/ros2_ws/src/my_beginner_tutorials /home/dheeraj/ros2_ws/src/my_beginner_tutorials/build/my_beginner_tutorials /home/dheeraj/ros2_ws/src/my_beginner_tutorials/build/my_beginner_tutorials /home/dheeraj/ros2_ws/src/my_beginner_tutorials/build/my_beginner_tutorials/CMakeFiles/my_beginner_tutorials__rosidl_typesupport_introspection_cpp.dir/DependInfo.cmake --color=
[1.872s] /usr/bin/gmake  -f CMakeFiles/my_beginner_tutorials__rosidl_typesupport_introspection_c.dir/build.make CMakeFiles/my_beginner_tutorials__rosidl_typesupport_introspection_c.dir/depend
[1.872s] /usr/bin/gmake  -f CMakeFiles/my_beginner_tutorials__rosidl_typesupport_c.dir/build.make CMakeFiles/my_beginner_tutorials__rosidl_typesupport_c.dir/depend
[1.877s] gmake[2]: Entering directory '/home/dheeraj/ros2_ws/src/my_beginner_tutorials/build/my_beginner_tutorials'
[1.878s] cd /home/dheeraj/ros2_ws/src/my_beginner_tutorials/build/my_beginner_tutorials && /usr/bin/cmake -E cmake_depends "Unix Makefiles" /home/dheeraj/ros2_ws/src/my_beginner_tutorials /home/dheeraj/ros2_ws/src/my_beginner_tutorials /home/dheeraj/ros2_ws/src/my_beginner_tutorials/build/my_beginner_tutorials /home/dheeraj/ros2_ws/src/my_beginner_tutorials/build/my_beginner_tutorials /home/dheeraj/ros2_ws/src/my_beginner_tutorials/build/my_beginner_tutorials/CMakeFiles/my_beginner_tutorials__rosidl_typesupport_fastrtps_cpp.dir/DependInfo.cmake --color=
[1.886s] gmake[2]: Entering directory '/home/dheeraj/ros2_ws/src/my_beginner_tutorials/build/my_beginner_tutorials'
[1.886s] cd /home/dheeraj/ros2_ws/src/my_beginner_tutorials/build/my_beginner_tutorials && /usr/bin/cmake -E cmake_depends "Unix Makefiles" /home/dheeraj/ros2_ws/src/my_beginner_tutorials /home/dheeraj/ros2_ws/src/my_beginner_tutorials /home/dheeraj/ros2_ws/src/my_beginner_tutorials/build/my_beginner_tutorials /home/dheeraj/ros2_ws/src/my_beginner_tutorials/build/my_beginner_tutorials /home/dheeraj/ros2_ws/src/my_beginner_tutorials/build/my_beginner_tutorials/CMakeFiles/my_beginner_tutorials__rosidl_typesupport_c.dir/DependInfo.cmake --color=
[1.886s] gmake[2]: Entering directory '/home/dheeraj/ros2_ws/src/my_beginner_tutorials/build/my_beginner_tutorials'
[1.886s] cd /home/dheeraj/ros2_ws/src/my_beginner_tutorials/build/my_beginner_tutorials && /usr/bin/cmake -E cmake_depends "Unix Makefiles" /home/dheeraj/ros2_ws/src/my_beginner_tutorials /home/dheeraj/ros2_ws/src/my_beginner_tutorials /home/dheeraj/ros2_ws/src/my_beginner_tutorials/build/my_beginner_tutorials /home/dheeraj/ros2_ws/src/my_beginner_tutorials/build/my_beginner_tutorials /home/dheeraj/ros2_ws/src/my_beginner_tutorials/build/my_beginner_tutorials/CMakeFiles/my_beginner_tutorials__rosidl_typesupport_introspection_c.dir/DependInfo.cmake --color=
[1.901s] [ 11%] Built target ament_cmake_python_copy_my_beginner_tutorials
[1.905s] /usr/bin/gmake  -f CMakeFiles/ament_cmake_python_build_my_beginner_tutorials_egg.dir/build.make CMakeFiles/ament_cmake_python_build_my_beginner_tutorials_egg.dir/depend
[1.912s] Dependencies file "CMakeFiles/my_beginner_tutorials__rosidl_typesupport_introspection_cpp.dir/rosidl_typesupport_introspection_cpp/my_beginner_tutorials/srv/detail/change_string__type_support.cpp.o.d" is newer than depends file "/home/dheeraj/ros2_ws/src/my_beginner_tutorials/build/my_beginner_tutorials/CMakeFiles/my_beginner_tutorials__rosidl_typesupport_introspection_cpp.dir/compiler_depend.internal".
[1.915s] [35m[1mConsolidate compiler generated dependencies of target my_beginner_tutorials__rosidl_typesupport_introspection_cpp[0m
[1.916s] gmake[2]: Entering directory '/home/dheeraj/ros2_ws/src/my_beginner_tutorials/build/my_beginner_tutorials'
[1.916s] cd /home/dheeraj/ros2_ws/src/my_beginner_tutorials/build/my_beginner_tutorials && /usr/bin/cmake -E cmake_depends "Unix Makefiles" /home/dheeraj/ros2_ws/src/my_beginner_tutorials /home/dheeraj/ros2_ws/src/my_beginner_tutorials /home/dheeraj/ros2_ws/src/my_beginner_tutorials/build/my_beginner_tutorials /home/dheeraj/ros2_ws/src/my_beginner_tutorials/build/my_beginner_tutorials /home/dheeraj/ros2_ws/src/my_beginner_tutorials/build/my_beginner_tutorials/CMakeFiles/ament_cmake_python_build_my_beginner_tutorials_egg.dir/DependInfo.cmake --color=
[1.917s] [ 17%] Built target subscriber_node
[1.922s] Dependencies file "CMakeFiles/my_beginner_tutorials__rosidl_typesupport_cpp.dir/rosidl_typesupport_cpp/my_beginner_tutorials/srv/change_string__type_support.cpp.o.d" is newer than depends file "/home/dheeraj/ros2_ws/src/my_beginner_tutorials/build/my_beginner_tutorials/CMakeFiles/my_beginner_tutorials__rosidl_typesupport_cpp.dir/compiler_depend.internal".
[1.924s] [35m[1mConsolidate compiler generated dependencies of target my_beginner_tutorials__rosidl_typesupport_cpp[0m
[1.930s] Dependencies file "CMakeFiles/my_beginner_tutorials__rosidl_typesupport_fastrtps_cpp.dir/rosidl_typesupport_fastrtps_cpp/my_beginner_tutorials/srv/detail/dds_fastrtps/change_string__type_support.cpp.o.d" is newer than depends file "/home/dheeraj/ros2_ws/src/my_beginner_tutorials/build/my_beginner_tutorials/CMakeFiles/my_beginner_tutorials__rosidl_typesupport_fastrtps_cpp.dir/compiler_depend.internal".
[1.932s] [35m[1mConsolidate compiler generated dependencies of target my_beginner_tutorials__rosidl_typesupport_fastrtps_cpp[0m
[1.933s] gmake[2]: Leaving directory '/home/dheeraj/ros2_ws/src/my_beginner_tutorials/build/my_beginner_tutorials'
[1.933s] /usr/bin/gmake  -f CMakeFiles/my_beginner_tutorials__rosidl_typesupport_introspection_cpp.dir/build.make CMakeFiles/my_beginner_tutorials__rosidl_typesupport_introspection_cpp.dir/build
[1.933s] Dependencies file "CMakeFiles/my_beginner_tutorials__rosidl_typesupport_fastrtps_c.dir/rosidl_typesupport_fastrtps_c/my_beginner_tutorials/srv/detail/change_string__type_support_c.cpp.o.d" is newer than depends file "/home/dheeraj/ros2_ws/src/my_beginner_tutorials/build/my_beginner_tutorials/CMakeFiles/my_beginner_tutorials__rosidl_typesupport_fastrtps_c.dir/compiler_depend.internal".
[1.933s] [35m[1mConsolidate compiler generated dependencies of target my_beginner_tutorials__rosidl_typesupport_fastrtps_c[0m
[1.934s] gmake[2]: Leaving directory '/home/dheeraj/ros2_ws/src/my_beginner_tutorials/build/my_beginner_tutorials'
[1.934s] /usr/bin/gmake  -f CMakeFiles/my_beginner_tutorials__rosidl_typesupport_fastrtps_cpp.dir/build.make CMakeFiles/my_beginner_tutorials__rosidl_typesupport_fastrtps_cpp.dir/build
[1.936s] gmake[2]: Leaving directory '/home/dheeraj/ros2_ws/src/my_beginner_tutorials/build/my_beginner_tutorials'
[1.936s] /usr/bin/gmake  -f CMakeFiles/my_beginner_tutorials__rosidl_typesupport_cpp.dir/build.make CMakeFiles/my_beginner_tutorials__rosidl_typesupport_cpp.dir/build
[1.948s] Dependencies file "CMakeFiles/my_beginner_tutorials__rosidl_typesupport_c.dir/rosidl_typesupport_c/my_beginner_tutorials/srv/change_string__type_support.cpp.o.d" is newer than depends file "/home/dheeraj/ros2_ws/src/my_beginner_tutorials/build/my_beginner_tutorials/CMakeFiles/my_beginner_tutorials__rosidl_typesupport_c.dir/compiler_depend.internal".
[1.948s] [35m[1mConsolidate compiler generated dependencies of target my_beginner_tutorials__rosidl_typesupport_c[0m
[1.960s] gmake[2]: Leaving directory '/home/dheeraj/ros2_ws/src/my_beginner_tutorials/build/my_beginner_tutorials'
[1.968s] /usr/bin/gmake  -f CMakeFiles/my_beginner_tutorials__rosidl_typesupport_fastrtps_c.dir/build.make CMakeFiles/my_beginner_tutorials__rosidl_typesupport_fastrtps_c.dir/build
[1.970s] gmake[2]: Leaving directory '/home/dheeraj/ros2_ws/src/my_beginner_tutorials/build/my_beginner_tutorials'
[1.978s] /usr/bin/gmake  -f CMakeFiles/my_beginner_tutorials__rosidl_typesupport_c.dir/build.make CMakeFiles/my_beginner_tutorials__rosidl_typesupport_c.dir/build
[1.978s] Dependencies file "CMakeFiles/my_beginner_tutorials__rosidl_typesupport_introspection_c.dir/rosidl_typesupport_introspection_c/my_beginner_tutorials/srv/detail/change_string__type_support.c.o.d" is newer than depends file "/home/dheeraj/ros2_ws/src/my_beginner_tutorials/build/my_beginner_tutorials/CMakeFiles/my_beginner_tutorials__rosidl_typesupport_introspection_c.dir/compiler_depend.internal".
[1.978s] gmake[2]: Entering directory '/home/dheeraj/ros2_ws/src/my_beginner_tutorials/build/my_beginner_tutorials'
[1.979s] gmake[2]: Nothing to be done for 'CMakeFiles/my_beginner_tutorials__rosidl_typesupport_fastrtps_cpp.dir/build'.
[1.980s] gmake[2]: Leaving directory '/home/dheeraj/ros2_ws/src/my_beginner_tutorials/build/my_beginner_tutorials'
[1.986s] gmake[2]: Entering directory '/home/dheeraj/ros2_ws/src/my_beginner_tutorials/build/my_beginner_tutorials'
[1.990s] gmake[2]: Nothing to be done for 'CMakeFiles/my_beginner_tutorials__rosidl_typesupport_introspection_cpp.dir/build'.
[1.990s] gmake[2]: Leaving directory '/home/dheeraj/ros2_ws/src/my_beginner_tutorials/build/my_beginner_tutorials'
[1.991s] [35m[1mConsolidate compiler generated dependencies of target my_beginner_tutorials__rosidl_typesupport_introspection_c[0m
[1.991s] gmake[2]: Entering directory '/home/dheeraj/ros2_ws/src/my_beginner_tutorials/build/my_beginner_tutorials'
[1.991s] gmake[2]: Leaving directory '/home/dheeraj/ros2_ws/src/my_beginner_tutorials/build/my_beginner_tutorials'
[1.993s] gmake[2]: Leaving directory '/home/dheeraj/ros2_ws/src/my_beginner_tutorials/build/my_beginner_tutorials'
[1.993s] gmake[2]: Nothing to be done for 'CMakeFiles/my_beginner_tutorials__rosidl_typesupport_cpp.dir/build'.
[1.993s] gmake[2]: Leaving directory '/home/dheeraj/ros2_ws/src/my_beginner_tutorials/build/my_beginner_tutorials'
[1.993s] /usr/bin/gmake  -f CMakeFiles/my_beginner_tutorials__rosidl_typesupport_introspection_c.dir/build.make CMakeFiles/my_beginner_tutorials__rosidl_typesupport_introspection_c.dir/build
[1.994s] /usr/bin/gmake  -f CMakeFiles/ament_cmake_python_build_my_beginner_tutorials_egg.dir/build.make CMakeFiles/ament_cmake_python_build_my_beginner_tutorials_egg.dir/build
[1.994s] gmake[2]: Entering directory '/home/dheeraj/ros2_ws/src/my_beginner_tutorials/build/my_beginner_tutorials'
[1.994s] gmake[2]: Nothing to be done for 'CMakeFiles/my_beginner_tutorials__rosidl_typesupport_c.dir/build'.
[1.994s] gmake[2]: Leaving directory '/home/dheeraj/ros2_ws/src/my_beginner_tutorials/build/my_beginner_tutorials'
[1.994s] gmake[2]: Entering directory '/home/dheeraj/ros2_ws/src/my_beginner_tutorials/build/my_beginner_tutorials'
[1.994s] gmake[2]: Nothing to be done for 'CMakeFiles/my_beginner_tutorials__rosidl_typesupport_fastrtps_c.dir/build'.
[1.994s] gmake[2]: Leaving directory '/home/dheeraj/ros2_ws/src/my_beginner_tutorials/build/my_beginner_tutorials'
[1.994s] gmake[2]: Entering directory '/home/dheeraj/ros2_ws/src/my_beginner_tutorials/build/my_beginner_tutorials'
[1.995s] cd /home/dheeraj/ros2_ws/src/my_beginner_tutorials/build/my_beginner_tutorials/ament_cmake_python/my_beginner_tutorials && /usr/bin/python3 setup.py egg_info
[2.007s] gmake[2]: Entering directory '/home/dheeraj/ros2_ws/src/my_beginner_tutorials/build/my_beginner_tutorials'
[2.008s] gmake[2]: Nothing to be done for 'CMakeFiles/my_beginner_tutorials__rosidl_typesupport_introspection_c.dir/build'.
[2.008s] gmake[2]: Leaving directory '/home/dheeraj/ros2_ws/src/my_beginner_tutorials/build/my_beginner_tutorials'
[2.021s] [ 25%] Built target my_beginner_tutorials__rosidl_typesupport_fastrtps_cpp
[2.034s] [ 34%] Built target my_beginner_tutorials__rosidl_typesupport_introspection_cpp
[2.036s] [ 42%] Built target my_beginner_tutorials__rosidl_typesupport_c
[2.039s] [ 51%] Built target my_beginner_tutorials__rosidl_typesupport_cpp
[2.042s] [ 60%] Built target my_beginner_tutorials__rosidl_typesupport_fastrtps_c
[2.042s] /usr/bin/gmake  -f CMakeFiles/publisher_node.dir/build.make CMakeFiles/publisher_node.dir/depend
[2.045s] [ 68%] Built target my_beginner_tutorials__rosidl_typesupport_introspection_c
[2.045s] gmake[2]: Entering directory '/home/dheeraj/ros2_ws/src/my_beginner_tutorials/build/my_beginner_tutorials'
[2.045s] cd /home/dheeraj/ros2_ws/src/my_beginner_tutorials/build/my_beginner_tutorials && /usr/bin/cmake -E cmake_depends "Unix Makefiles" /home/dheeraj/ros2_ws/src/my_beginner_tutorials /home/dheeraj/ros2_ws/src/my_beginner_tutorials /home/dheeraj/ros2_ws/src/my_beginner_tutorials/build/my_beginner_tutorials /home/dheeraj/ros2_ws/src/my_beginner_tutorials/build/my_beginner_tutorials /home/dheeraj/ros2_ws/src/my_beginner_tutorials/build/my_beginner_tutorials/CMakeFiles/publisher_node.dir/DependInfo.cmake --color=
[2.045s] /usr/bin/gmake  -f CMakeFiles/my_beginner_tutorials.dir/build.make CMakeFiles/my_beginner_tutorials.dir/depend
[2.058s] gmake[2]: Entering directory '/home/dheeraj/ros2_ws/src/my_beginner_tutorials/build/my_beginner_tutorials'
[2.058s] cd /home/dheeraj/ros2_ws/src/my_beginner_tutorials/build/my_beginner_tutorials && /usr/bin/cmake -E cmake_depends "Unix Makefiles" /home/dheeraj/ros2_ws/src/my_beginner_tutorials /home/dheeraj/ros2_ws/src/my_beginner_tutorials /home/dheeraj/ros2_ws/src/my_beginner_tutorials/build/my_beginner_tutorials /home/dheeraj/ros2_ws/src/my_beginner_tutorials/build/my_beginner_tutorials /home/dheeraj/ros2_ws/src/my_beginner_tutorials/build/my_beginner_tutorials/CMakeFiles/my_beginner_tutorials.dir/DependInfo.cmake --color=
[2.081s] Dependencies file "CMakeFiles/publisher_node.dir/src/publisher_node.cpp.o.d" is newer than depends file "/home/dheeraj/ros2_ws/src/my_beginner_tutorials/build/my_beginner_tutorials/CMakeFiles/publisher_node.dir/compiler_depend.internal".
[2.082s] [35m[1mConsolidate compiler generated dependencies of target publisher_node[0m
[2.082s] gmake[2]: Leaving directory '/home/dheeraj/ros2_ws/src/my_beginner_tutorials/build/my_beginner_tutorials'
[2.082s] /usr/bin/gmake  -f CMakeFiles/my_beginner_tutorials.dir/build.make CMakeFiles/my_beginner_tutorials.dir/build
[2.084s] gmake[2]: Entering directory '/home/dheeraj/ros2_ws/src/my_beginner_tutorials/build/my_beginner_tutorials'
[2.084s] gmake[2]: Nothing to be done for 'CMakeFiles/my_beginner_tutorials.dir/build'.
[2.084s] gmake[2]: Leaving directory '/home/dheeraj/ros2_ws/src/my_beginner_tutorials/build/my_beginner_tutorials'
[2.086s] gmake[2]: Leaving directory '/home/dheeraj/ros2_ws/src/my_beginner_tutorials/build/my_beginner_tutorials'
[2.086s] /usr/bin/gmake  -f CMakeFiles/publisher_node.dir/build.make CMakeFiles/publisher_node.dir/build
[2.105s] gmake[2]: Entering directory '/home/dheeraj/ros2_ws/src/my_beginner_tutorials/build/my_beginner_tutorials'
[2.107s] [ 68%] Built target my_beginner_tutorials
[2.117s] /usr/bin/gmake  -f my_beginner_tutorials__py/CMakeFiles/my_beginner_tutorials__py.dir/build.make my_beginner_tutorials__py/CMakeFiles/my_beginner_tutorials__py.dir/depend
[2.120s] gmake[2]: Entering directory '/home/dheeraj/ros2_ws/src/my_beginner_tutorials/build/my_beginner_tutorials'
[2.120s] cd /home/dheeraj/ros2_ws/src/my_beginner_tutorials/build/my_beginner_tutorials && /usr/bin/cmake -E cmake_depends "Unix Makefiles" /home/dheeraj/ros2_ws/src/my_beginner_tutorials /home/dheeraj/ros2_ws/src/my_beginner_tutorials/build/my_beginner_tutorials/my_beginner_tutorials__py /home/dheeraj/ros2_ws/src/my_beginner_tutorials/build/my_beginner_tutorials /home/dheeraj/ros2_ws/src/my_beginner_tutorials/build/my_beginner_tutorials/my_beginner_tutorials__py /home/dheeraj/ros2_ws/src/my_beginner_tutorials/build/my_beginner_tutorials/my_beginner_tutorials__py/CMakeFiles/my_beginner_tutorials__py.dir/DependInfo.cmake --color=
[2.126s] [ 71%] [32mBuilding CXX object CMakeFiles/publisher_node.dir/src/publisher_node.cpp.o[0m
[2.126s] /usr/bin/c++ -DDEFAULT_RMW_IMPLEMENTATION=rmw_fastrtps_cpp -DRCUTILS_ENABLE_FAULT_INJECTION -DROS_PACKAGE_NAME=\"my_beginner_tutorials\" -I/home/dheeraj/ros2_ws/src/my_beginner_tutorials/build/my_beginner_tutorials/rosidl_generator_cpp -isystem /opt/ros/humble/include/rclcpp -isystem /opt/ros/humble/include/std_msgs -isystem /opt/ros/humble/include/ament_index_cpp -isystem /opt/ros/humble/include/libstatistics_collector -isystem /opt/ros/humble/include/builtin_interfaces -isystem /opt/ros/humble/include/rosidl_runtime_c -isystem /opt/ros/humble/include/rcutils -isystem /opt/ros/humble/include/rosidl_typesupport_interface -isystem /opt/ros/humble/include/fastcdr -isystem /opt/ros/humble/include/rosidl_runtime_cpp -isystem /opt/ros/humble/include/rosidl_typesupport_fastrtps_cpp -isystem /opt/ros/humble/include/rmw -isystem /opt/ros/humble/include/rosidl_typesupport_fastrtps_c -isystem /opt/ros/humble/include/rosidl_typesupport_introspection_c -isystem /opt/ros/humble/include/rosidl_typesupport_introspection_cpp -isystem /opt/ros/humble/include/rcl -isystem /opt/ros/humble/include/rcl_interfaces -isystem /opt/ros/humble/include/rcl_logging_interface -isystem /opt/ros/humble/include/rcl_yaml_param_parser -isystem /opt/ros/humble/include/libyaml_vendor -isystem /opt/ros/humble/include/tracetools -isystem /opt/ros/humble/include/rcpputils -isystem /opt/ros/humble/include/statistics_msgs -isystem /opt/ros/humble/include/rosgraph_msgs -isystem /opt/ros/humble/include/rosidl_typesupport_cpp -isystem /opt/ros/humble/include/rosidl_typesupport_c -Wall -Wextra -Wpedantic -std=gnu++17 -MD -MT CMakeFiles/publisher_node.dir/src/publisher_node.cpp.o -MF CMakeFiles/publisher_node.dir/src/publisher_node.cpp.o.d -o CMakeFiles/publisher_node.dir/src/publisher_node.cpp.o -c /home/dheeraj/ros2_ws/src/my_beginner_tutorials/src/publisher_node.cpp
[2.155s] gmake[2]: Leaving directory '/home/dheeraj/ros2_ws/src/my_beginner_tutorials/build/my_beginner_tutorials'
[2.156s] /usr/bin/gmake  -f my_beginner_tutorials__py/CMakeFiles/my_beginner_tutorials__py.dir/build.make my_beginner_tutorials__py/CMakeFiles/my_beginner_tutorials__py.dir/build
[2.157s] gmake[2]: Entering directory '/home/dheeraj/ros2_ws/src/my_beginner_tutorials/build/my_beginner_tutorials'
[2.157s] gmake[2]: Nothing to be done for 'my_beginner_tutorials__py/CMakeFiles/my_beginner_tutorials__py.dir/build'.
[2.158s] gmake[2]: Leaving directory '/home/dheeraj/ros2_ws/src/my_beginner_tutorials/build/my_beginner_tutorials'
[2.190s] [ 74%] Built target my_beginner_tutorials__py
[2.191s] /usr/bin/gmake  -f CMakeFiles/my_beginner_tutorials__rosidl_generator_py.dir/build.make CMakeFiles/my_beginner_tutorials__rosidl_generator_py.dir/depend
[2.204s] gmake[2]: Entering directory '/home/dheeraj/ros2_ws/src/my_beginner_tutorials/build/my_beginner_tutorials'
[2.204s] cd /home/dheeraj/ros2_ws/src/my_beginner_tutorials/build/my_beginner_tutorials && /usr/bin/cmake -E cmake_depends "Unix Makefiles" /home/dheeraj/ros2_ws/src/my_beginner_tutorials /home/dheeraj/ros2_ws/src/my_beginner_tutorials /home/dheeraj/ros2_ws/src/my_beginner_tutorials/build/my_beginner_tutorials /home/dheeraj/ros2_ws/src/my_beginner_tutorials/build/my_beginner_tutorials /home/dheeraj/ros2_ws/src/my_beginner_tutorials/build/my_beginner_tutorials/CMakeFiles/my_beginner_tutorials__rosidl_generator_py.dir/DependInfo.cmake --color=
[2.216s] Dependencies file "CMakeFiles/my_beginner_tutorials__rosidl_generator_py.dir/rosidl_generator_py/my_beginner_tutorials/srv/_change_string_s.c.o.d" is newer than depends file "/home/dheeraj/ros2_ws/src/my_beginner_tutorials/build/my_beginner_tutorials/CMakeFiles/my_beginner_tutorials__rosidl_generator_py.dir/compiler_depend.internal".
[2.216s] [35m[1mConsolidate compiler generated dependencies of target my_beginner_tutorials__rosidl_generator_py[0m
[2.221s] gmake[2]: Leaving directory '/home/dheeraj/ros2_ws/src/my_beginner_tutorials/build/my_beginner_tutorials'
[2.221s] /usr/bin/gmake  -f CMakeFiles/my_beginner_tutorials__rosidl_generator_py.dir/build.make CMakeFiles/my_beginner_tutorials__rosidl_generator_py.dir/build
[2.226s] gmake[2]: Entering directory '/home/dheeraj/ros2_ws/src/my_beginner_tutorials/build/my_beginner_tutorials'
[2.228s] gmake[2]: Nothing to be done for 'CMakeFiles/my_beginner_tutorials__rosidl_generator_py.dir/build'.
[2.229s] gmake[2]: Leaving directory '/home/dheeraj/ros2_ws/src/my_beginner_tutorials/build/my_beginner_tutorials'
[2.245s] [ 80%] Built target my_beginner_tutorials__rosidl_generator_py
[2.246s] /usr/bin/gmake  -f CMakeFiles/my_beginner_tutorials__rosidl_typesupport_fastrtps_c__pyext.dir/build.make CMakeFiles/my_beginner_tutorials__rosidl_typesupport_fastrtps_c__pyext.dir/depend
[2.246s] /usr/bin/gmake  -f CMakeFiles/my_beginner_tutorials__rosidl_typesupport_introspection_c__pyext.dir/build.make CMakeFiles/my_beginner_tutorials__rosidl_typesupport_introspection_c__pyext.dir/depend
[2.247s] /usr/bin/gmake  -f CMakeFiles/my_beginner_tutorials__rosidl_typesupport_c__pyext.dir/build.make CMakeFiles/my_beginner_tutorials__rosidl_typesupport_c__pyext.dir/depend
[2.249s] gmake[2]: Entering directory '/home/dheeraj/ros2_ws/src/my_beginner_tutorials/build/my_beginner_tutorials'
[2.251s] cd /home/dheeraj/ros2_ws/src/my_beginner_tutorials/build/my_beginner_tutorials && /usr/bin/cmake -E cmake_depends "Unix Makefiles" /home/dheeraj/ros2_ws/src/my_beginner_tutorials /home/dheeraj/ros2_ws/src/my_beginner_tutorials /home/dheeraj/ros2_ws/src/my_beginner_tutorials/build/my_beginner_tutorials /home/dheeraj/ros2_ws/src/my_beginner_tutorials/build/my_beginner_tutorials /home/dheeraj/ros2_ws/src/my_beginner_tutorials/build/my_beginner_tutorials/CMakeFiles/my_beginner_tutorials__rosidl_typesupport_fastrtps_c__pyext.dir/DependInfo.cmake --color=
[2.255s] gmake[2]: Entering directory '/home/dheeraj/ros2_ws/src/my_beginner_tutorials/build/my_beginner_tutorials'
[2.257s] cd /home/dheeraj/ros2_ws/src/my_beginner_tutorials/build/my_beginner_tutorials && /usr/bin/cmake -E cmake_depends "Unix Makefiles" /home/dheeraj/ros2_ws/src/my_beginner_tutorials /home/dheeraj/ros2_ws/src/my_beginner_tutorials /home/dheeraj/ros2_ws/src/my_beginner_tutorials/build/my_beginner_tutorials /home/dheeraj/ros2_ws/src/my_beginner_tutorials/build/my_beginner_tutorials /home/dheeraj/ros2_ws/src/my_beginner_tutorials/build/my_beginner_tutorials/CMakeFiles/my_beginner_tutorials__rosidl_typesupport_introspection_c__pyext.dir/DependInfo.cmake --color=
[2.259s] gmake[2]: Entering directory '/home/dheeraj/ros2_ws/src/my_beginner_tutorials/build/my_beginner_tutorials'
[2.260s] cd /home/dheeraj/ros2_ws/src/my_beginner_tutorials/build/my_beginner_tutorials && /usr/bin/cmake -E cmake_depends "Unix Makefiles" /home/dheeraj/ros2_ws/src/my_beginner_tutorials /home/dheeraj/ros2_ws/src/my_beginner_tutorials /home/dheeraj/ros2_ws/src/my_beginner_tutorials/build/my_beginner_tutorials /home/dheeraj/ros2_ws/src/my_beginner_tutorials/build/my_beginner_tutorials /home/dheeraj/ros2_ws/src/my_beginner_tutorials/build/my_beginner_tutorials/CMakeFiles/my_beginner_tutorials__rosidl_typesupport_c__pyext.dir/DependInfo.cmake --color=
[2.289s] Dependencies file "CMakeFiles/my_beginner_tutorials__rosidl_typesupport_introspection_c__pyext.dir/rosidl_generator_py/my_beginner_tutorials/_my_beginner_tutorials_s.ep.rosidl_typesupport_introspection_c.c.o.d" is newer than depends file "/home/dheeraj/ros2_ws/src/my_beginner_tutorials/build/my_beginner_tutorials/CMakeFiles/my_beginner_tutorials__rosidl_typesupport_introspection_c__pyext.dir/compiler_depend.internal".
[2.289s] Dependencies file "CMakeFiles/my_beginner_tutorials__rosidl_typesupport_fastrtps_c__pyext.dir/rosidl_generator_py/my_beginner_tutorials/_my_beginner_tutorials_s.ep.rosidl_typesupport_fastrtps_c.c.o.d" is newer than depends file "/home/dheeraj/ros2_ws/src/my_beginner_tutorials/build/my_beginner_tutorials/CMakeFiles/my_beginner_tutorials__rosidl_typesupport_fastrtps_c__pyext.dir/compiler_depend.internal".
[2.290s] [35m[1mConsolidate compiler generated dependencies of target my_beginner_tutorials__rosidl_typesupport_introspection_c__pyext[0m
[2.292s] [35m[1mConsolidate compiler generated dependencies of target my_beginner_tutorials__rosidl_typesupport_fastrtps_c__pyext[0m
[2.296s] Dependencies file "CMakeFiles/my_beginner_tutorials__rosidl_typesupport_c__pyext.dir/rosidl_generator_py/my_beginner_tutorials/_my_beginner_tutorials_s.ep.rosidl_typesupport_c.c.o.d" is newer than depends file "/home/dheeraj/ros2_ws/src/my_beginner_tutorials/build/my_beginner_tutorials/CMakeFiles/my_beginner_tutorials__rosidl_typesupport_c__pyext.dir/compiler_depend.internal".
[2.303s] [35m[1mConsolidate compiler generated dependencies of target my_beginner_tutorials__rosidl_typesupport_c__pyext[0m
[2.303s] gmake[2]: Leaving directory '/home/dheeraj/ros2_ws/src/my_beginner_tutorials/build/my_beginner_tutorials'
[2.304s] gmake[2]: Leaving directory '/home/dheeraj/ros2_ws/src/my_beginner_tutorials/build/my_beginner_tutorials'
[2.305s] /usr/bin/gmake  -f CMakeFiles/my_beginner_tutorials__rosidl_typesupport_fastrtps_c__pyext.dir/build.make CMakeFiles/my_beginner_tutorials__rosidl_typesupport_fastrtps_c__pyext.dir/build
[2.308s] /usr/bin/gmake  -f CMakeFiles/my_beginner_tutorials__rosidl_typesupport_introspection_c__pyext.dir/build.make CMakeFiles/my_beginner_tutorials__rosidl_typesupport_introspection_c__pyext.dir/build
[2.312s] gmake[2]: Leaving directory '/home/dheeraj/ros2_ws/src/my_beginner_tutorials/build/my_beginner_tutorials'
[2.321s] /usr/bin/gmake  -f CMakeFiles/my_beginner_tutorials__rosidl_typesupport_c__pyext.dir/build.make CMakeFiles/my_beginner_tutorials__rosidl_typesupport_c__pyext.dir/build
[2.329s] gmake[2]: Entering directory '/home/dheeraj/ros2_ws/src/my_beginner_tutorials/build/my_beginner_tutorials'
[2.329s] gmake[2]: Nothing to be done for 'CMakeFiles/my_beginner_tutorials__rosidl_typesupport_fastrtps_c__pyext.dir/build'.
[2.329s] gmake[2]: Leaving directory '/home/dheeraj/ros2_ws/src/my_beginner_tutorials/build/my_beginner_tutorials'
[2.329s] gmake[2]: Entering directory '/home/dheeraj/ros2_ws/src/my_beginner_tutorials/build/my_beginner_tutorials'
[2.336s] gmake[2]: Nothing to be done for 'CMakeFiles/my_beginner_tutorials__rosidl_typesupport_introspection_c__pyext.dir/build'.
[2.340s] gmake[2]: Leaving directory '/home/dheeraj/ros2_ws/src/my_beginner_tutorials/build/my_beginner_tutorials'
[2.340s] gmake[2]: Entering directory '/home/dheeraj/ros2_ws/src/my_beginner_tutorials/build/my_beginner_tutorials'
[2.340s] gmake[2]: Nothing to be done for 'CMakeFiles/my_beginner_tutorials__rosidl_typesupport_c__pyext.dir/build'.
[2.340s] gmake[2]: Leaving directory '/home/dheeraj/ros2_ws/src/my_beginner_tutorials/build/my_beginner_tutorials'
[2.357s] [ 85%] Built target my_beginner_tutorials__rosidl_typesupport_fastrtps_c__pyext
[2.359s] [ 91%] Built target my_beginner_tutorials__rosidl_typesupport_introspection_c__pyext
[2.363s] [ 97%] Built target my_beginner_tutorials__rosidl_typesupport_c__pyext
[2.524s] running egg_info
[2.525s] writing my_beginner_tutorials.egg-info/PKG-INFO
[2.525s] writing dependency_links to my_beginner_tutorials.egg-info/dependency_links.txt
[2.525s] writing top-level names to my_beginner_tutorials.egg-info/top_level.txt
[2.528s] reading manifest file 'my_beginner_tutorials.egg-info/SOURCES.txt'
[2.529s] writing manifest file 'my_beginner_tutorials.egg-info/SOURCES.txt'
[2.551s] gmake[2]: Leaving directory '/home/dheeraj/ros2_ws/src/my_beginner_tutorials/build/my_beginner_tutorials'
[2.558s] [ 97%] Built target ament_cmake_python_build_my_beginner_tutorials_egg
[2.571s] [01m[K/home/dheeraj/ros2_ws/src/my_beginner_tutorials/src/publisher_node.cpp:16:10:[m[K [01;31m[Kfatal error: [m[Kmy_beginner_tutorials/srv/ChangeString.hpp: No such file or directory
[2.571s]    16 | #include [01;31m[K"my_beginner_tutorials/srv/ChangeString.hpp"[m[K  // Include custom service header
[2.571s]       |          [01;31m[K^~~~~~~~~~~~~~~~~~~~~~~~~~~~~~~~~~~~~~~~~~~~[m[K
[2.571s] compilation terminated.
[2.574s] gmake[2]: *** [CMakeFiles/publisher_node.dir/build.make:79: CMakeFiles/publisher_node.dir/src/publisher_node.cpp.o] Error 1
[2.574s] gmake[2]: Leaving directory '/home/dheeraj/ros2_ws/src/my_beginner_tutorials/build/my_beginner_tutorials'
[2.574s] gmake[1]: *** [CMakeFiles/Makefile2:598: CMakeFiles/publisher_node.dir/all] Error 2
[2.574s] gmake[1]: Leaving directory '/home/dheeraj/ros2_ws/src/my_beginner_tutorials/build/my_beginner_tutorials'
[2.574s] gmake: *** [Makefile:149: all] Error 2
[2.578s] Invoked command in '/home/dheeraj/ros2_ws/src/my_beginner_tutorials/build/my_beginner_tutorials' returned '2': CMAKE_PREFIX_PATH=/opt/ros/humble /usr/bin/cmake --build /home/dheeraj/ros2_ws/src/my_beginner_tutorials/build/my_beginner_tutorials -- -j8 -l8
