[0.009s] Invoking command in '/ros_workspace/my_beginner_tutorials/build/my_beginner_tutorials': CMAKE_PREFIX_PATH=${CMAKE_PREFIX_PATH}:/opt/ros/humble /usr/bin/cmake /ros_workspace/my_beginner_tutorials -DCMAKE_INSTALL_PREFIX=/ros_workspace/my_beginner_tutorials/install/my_beginner_tutorials
[0.070s] -- The C compiler identification is GNU 11.4.0
[0.132s] -- The CXX compiler identification is GNU 11.4.0
[0.141s] -- Detecting C compiler ABI info
[0.217s] -- Detecting C compiler ABI info - done
[0.225s] -- Check for working C compiler: /usr/bin/cc - skipped
[0.225s] -- Detecting C compile features
[0.225s] -- Detecting C compile features - done
[0.229s] -- Detecting CXX compiler ABI info
[0.311s] -- Detecting CXX compiler ABI info - done
[0.319s] -- Check for working CXX compiler: /usr/bin/c++ - skipped
[0.320s] -- Detecting CXX compile features
[0.320s] -- Detecting CXX compile features - done
[0.323s] -- Found ament_cmake: 1.3.10 (/opt/ros/humble/share/ament_cmake/cmake)
[0.455s] -- Found Python3: /usr/bin/python3 (found version "3.10.12") found components: Interpreter 
[0.544s] -- Found rclcpp: 16.0.10 (/opt/ros/humble/share/rclcpp/cmake)
[0.590s] -- Found rosidl_generator_c: 3.1.5 (/opt/ros/humble/share/rosidl_generator_c/cmake)
[0.595s] -- Found rosidl_adapter: 3.1.5 (/opt/ros/humble/share/rosidl_adapter/cmake)
[0.606s] -- Found rosidl_generator_cpp: 3.1.5 (/opt/ros/humble/share/rosidl_generator_cpp/cmake)
[0.624s] -- Using all available rosidl_typesupport_c: rosidl_typesupport_fastrtps_c;rosidl_typesupport_introspection_c
[0.641s] -- Using all available rosidl_typesupport_cpp: rosidl_typesupport_fastrtps_cpp;rosidl_typesupport_introspection_cpp
[0.692s] -- Found rmw_implementation_cmake: 6.1.2 (/opt/ros/humble/share/rmw_implementation_cmake/cmake)
[0.695s] -- Found rmw_fastrtps_cpp: 6.2.7 (/opt/ros/humble/share/rmw_fastrtps_cpp/cmake)
[0.773s] -- Found OpenSSL: /usr/lib/x86_64-linux-gnu/libcrypto.so (found version "3.0.2")  
[0.792s] -- Found FastRTPS: /opt/ros/humble/include  
[0.824s] -- Using RMW implementation 'rmw_fastrtps_cpp' as default
[0.833s] -- Looking for pthread.h
[0.907s] -- Looking for pthread.h - found
[0.907s] -- Performing Test CMAKE_HAVE_LIBC_PTHREAD
[0.993s] -- Performing Test CMAKE_HAVE_LIBC_PTHREAD - Success
[0.994s] -- Found Threads: TRUE  
[1.057s] -- Found ament_lint_auto: 0.12.11 (/opt/ros/humble/share/ament_lint_auto/cmake)
[1.145s] -- Added test 'cppcheck' to perform static code analysis on C / C++ code
[1.145s] -- Configured cppcheck include dirs: 
[1.146s] -- Configured cppcheck exclude dirs and/or files: 
[1.150s] -- Added test 'lint_cmake' to check CMake code style
[1.162s] -- Added test 'uncrustify' to check C / C++ code style
[1.162s] -- Configured uncrustify additional arguments: 
[1.164s] -- Added test 'xmllint' to check XML markup files
[1.165s] -- Configuring done
[1.177s] -- Generating done
[1.178s] -- Build files have been written to: /ros_workspace/my_beginner_tutorials/build/my_beginner_tutorials
[1.187s] Invoked command in '/ros_workspace/my_beginner_tutorials/build/my_beginner_tutorials' returned '0': CMAKE_PREFIX_PATH=${CMAKE_PREFIX_PATH}:/opt/ros/humble /usr/bin/cmake /ros_workspace/my_beginner_tutorials -DCMAKE_INSTALL_PREFIX=/ros_workspace/my_beginner_tutorials/install/my_beginner_tutorials
[1.189s] Invoking command in '/ros_workspace/my_beginner_tutorials/build/my_beginner_tutorials': CMAKE_PREFIX_PATH=${CMAKE_PREFIX_PATH}:/opt/ros/humble /usr/bin/cmake --build /ros_workspace/my_beginner_tutorials/build/my_beginner_tutorials -- -j8 -l8
[1.244s] [ 25%] [32mBuilding CXX object CMakeFiles/subscriber_node.dir/src/subscriber_node.cpp.o[0m
[1.245s] [ 50%] [32mBuilding CXX object CMakeFiles/publisher_node.dir/src/publisher_node.cpp.o[0m
[3.988s] [01m[K/ros_workspace/my_beginner_tutorials/src/publisher_node.cpp:14:1:[m[K [01;31m[Kerror: [m[K‘[01m[Ktimer_[m[K’ does not name a type; did you mean ‘[01m[Ktimer_t[m[K’?
[3.988s]    14 | [01;31m[Ktimer_[m[K = this->create_wall_timer(
[3.989s]       | [01;31m[K^~~~~~[m[K
[3.989s]       | [32m[Ktimer_t[m[K
[3.995s] [01m[K/ros_workspace/my_beginner_tutorials/src/publisher_node.cpp:[m[K In constructor ‘[01m[KMinimalPublisher::MinimalPublisher()[m[K’:
[3.995s] [01m[K/ros_workspace/my_beginner_tutorials/src/publisher_node.cpp:23:9:[m[K [01;31m[Kerror: [m[Kunable to find numeric literal operator ‘[01m[Koperator""ms[m[K’
[3.995s]    23 |         [01;31m[K500ms[m[K, std::bind(&MinimalPublisher::timer_callback, this));
[3.995s]       |         [01;31m[K^~~~~[m[K
[4.870s] gmake[2]: *** [CMakeFiles/publisher_node.dir/build.make:76: CMakeFiles/publisher_node.dir/src/publisher_node.cpp.o] Error 1
[4.870s] gmake[1]: *** [CMakeFiles/Makefile2:139: CMakeFiles/publisher_node.dir/all] Error 2
[4.870s] gmake[1]: *** Waiting for unfinished jobs....
[10.075s] [ 75%] [32m[1mLinking CXX executable subscriber_node[0m
[10.496s] [ 75%] Built target subscriber_node
[10.498s] gmake: *** [Makefile:146: all] Error 2
[10.500s] Invoked command in '/ros_workspace/my_beginner_tutorials/build/my_beginner_tutorials' returned '2': CMAKE_PREFIX_PATH=${CMAKE_PREFIX_PATH}:/opt/ros/humble /usr/bin/cmake --build /ros_workspace/my_beginner_tutorials/build/my_beginner_tutorials -- -j8 -l8
